[ 2017-08-15T09:18:57+08:00 ] 127.0.0.1 127.0.0.1 GET /admin.html
[ log ] www.9d_admin.com/admin.html [运行时间：0.552032s][吞吐率：1.81req/s] [内存消耗：7,636.78kb] [文件加载：73]
[ info ] [ LANG ] D:\wamp64\www\9d_admin\thinkphp\lang\zh-cn.php
[ info ] [ ROUTE ] array (
  'type' => 'module',
  'module' => 
  array (
    0 => 'admin',
    1 => NULL,
    2 => NULL,
  ),
)
[ info ] [ HEADER ] array (
  'host' => 'www.9d_admin.com',
  'connection' => 'keep-alive',
  'cache-control' => 'max-age=0',
  'upgrade-insecure-requests' => '1',
  'user-agent' => 'Mozilla/5.0 (Windows NT 6.1; Win64; x64) AppleWebKit/537.36 (KHTML, like Gecko) Chrome/60.0.3112.90 Safari/537.36',
  'accept' => 'text/html,application/xhtml+xml,application/xml;q=0.9,image/webp,image/apng,*/*;q=0.8',
  'dnt' => '1',
  'accept-encoding' => 'gzip, deflate',
  'accept-language' => 'zh-CN,zh;q=0.8,en-GB;q=0.6,en;q=0.4,zh-TW;q=0.2',
  'cookie' => 'PHPSESSID=7gd82dnt44d5s99t231t871aa6',
)
[ info ] [ PARAM ] array (
)
[ info ] [ SESSION ] INIT array (
  'id' => '',
  'var_session_id' => '',
  'prefix' => 'think',
  'type' => '',
  'auto_start' => true,
)
[ info ] [ BEHAVIOR ] Run \app\common\behavior\WebLog @module_init [ RunTime:0.045002s ]
[ info ] [ RUN ] app\admin\controller\Index->index[ D:\wamp64\www\9d_admin\application\admin\controller\Index.php ]
[ info ] [ DB ] INIT mysql
[ info ] [ VIEW ] D:\wamp64\www\9d_admin\public/../application/admin\view\index\index.html [ array (
  0 => 'groups',
  1 => 'menu',
  2 => 'info',
) ]
[ info ] [ RUN ] app\admin\widget\Index->menu[ D:\wamp64\www\9d_admin\application\admin\widget\Index.php ]
[ info ] [ RUN ] app\admin\widget\Index->menu[ D:\wamp64\www\9d_admin\application\admin\widget\Index.php ]
[ info ] [ RUN ] app\admin\widget\Index->menu[ D:\wamp64\www\9d_admin\application\admin\widget\Index.php ]
[ info ] [ RUN ] app\admin\widget\Index->menu[ D:\wamp64\www\9d_admin\application\admin\widget\Index.php ]
[ info ] [ RUN ] app\admin\widget\Index->menu[ D:\wamp64\www\9d_admin\application\admin\widget\Index.php ]
[ info ] [ RUN ] app\admin\widget\Index->menu[ D:\wamp64\www\9d_admin\application\admin\widget\Index.php ]
[ info ] [ RUN ] app\admin\widget\Index->menu[ D:\wamp64\www\9d_admin\application\admin\widget\Index.php ]
[ info ] [ RUN ] app\admin\widget\Index->menu[ D:\wamp64\www\9d_admin\application\admin\widget\Index.php ]
[ info ] [ RUN ] app\admin\widget\Index->menu[ D:\wamp64\www\9d_admin\application\admin\widget\Index.php ]
[ info ] [ RUN ] app\admin\widget\Index->menu[ D:\wamp64\www\9d_admin\application\admin\widget\Index.php ]
[ info ] [ RUN ] app\admin\widget\Index->menu[ D:\wamp64\www\9d_admin\application\admin\widget\Index.php ]
[ info ] [ RUN ] app\admin\widget\Index->menu[ D:\wamp64\www\9d_admin\application\admin\widget\Index.php ]
[ info ] [ RUN ] app\admin\widget\Index->menu[ D:\wamp64\www\9d_admin\application\admin\widget\Index.php ]
[ info ] [ RUN ] app\admin\widget\Index->menu[ D:\wamp64\www\9d_admin\application\admin\widget\Index.php ]
[ info ] [ RUN ] app\admin\widget\Index->menu[ D:\wamp64\www\9d_admin\application\admin\widget\Index.php ]
[ info ] [ RUN ] app\admin\widget\Index->menu[ D:\wamp64\www\9d_admin\application\admin\widget\Index.php ]
[ info ] [ RUN ] app\admin\widget\Index->menu[ D:\wamp64\www\9d_admin\application\admin\widget\Index.php ]
[ info ] [ RUN ] app\admin\widget\Index->menu[ D:\wamp64\www\9d_admin\application\admin\widget\Index.php ]
[ info ] [ RUN ] app\admin\widget\Index->menu[ D:\wamp64\www\9d_admin\application\admin\widget\Index.php ]
[ info ] [ RUN ] app\admin\widget\Index->menu[ D:\wamp64\www\9d_admin\application\admin\widget\Index.php ]
[ info ] [ RUN ] app\admin\widget\Index->menu[ D:\wamp64\www\9d_admin\application\admin\widget\Index.php ]
[ info ] [ RUN ] app\admin\widget\Index->menu[ D:\wamp64\www\9d_admin\application\admin\widget\Index.php ]
[ info ] [ RUN ] app\admin\widget\Index->menu[ D:\wamp64\www\9d_admin\application\admin\widget\Index.php ]
[ info ] [ RUN ] app\admin\widget\Index->menu[ D:\wamp64\www\9d_admin\application\admin\widget\Index.php ]
[ info ] [ RUN ] app\admin\widget\Index->menu[ D:\wamp64\www\9d_admin\application\admin\widget\Index.php ]
[ info ] [ RUN ] app\admin\widget\Index->menu[ D:\wamp64\www\9d_admin\application\admin\widget\Index.php ]
[ info ] [ RUN ] app\admin\widget\Index->menu[ D:\wamp64\www\9d_admin\application\admin\widget\Index.php ]
[ info ] [ RUN ] app\admin\widget\Index->menu[ D:\wamp64\www\9d_admin\application\admin\widget\Index.php ]
[ info ] [ RUN ] app\admin\widget\Index->menu[ D:\wamp64\www\9d_admin\application\admin\widget\Index.php ]
[ info ] [ RUN ] app\admin\widget\Index->menu[ D:\wamp64\www\9d_admin\application\admin\widget\Index.php ]
[ info ] [ RUN ] app\admin\widget\Index->menu[ D:\wamp64\www\9d_admin\application\admin\widget\Index.php ]
[ info ] [ RUN ] app\admin\widget\Index->menu[ D:\wamp64\www\9d_admin\application\admin\widget\Index.php ]
[ info ] [ RUN ] app\admin\widget\Index->menu[ D:\wamp64\www\9d_admin\application\admin\widget\Index.php ]
[ info ] [ RUN ] app\admin\widget\Index->menu[ D:\wamp64\www\9d_admin\application\admin\widget\Index.php ]
[ info ] [ RUN ] app\admin\widget\Index->menu[ D:\wamp64\www\9d_admin\application\admin\widget\Index.php ]
[ info ] [ RUN ] app\admin\widget\Index->menu[ D:\wamp64\www\9d_admin\application\admin\widget\Index.php ]
[ info ] [ RUN ] app\admin\widget\Index->menu[ D:\wamp64\www\9d_admin\application\admin\widget\Index.php ]
[ info ] [ RUN ] app\admin\widget\Index->menu[ D:\wamp64\www\9d_admin\application\admin\widget\Index.php ]
[ info ] [ RUN ] app\admin\widget\Index->menu[ D:\wamp64\www\9d_admin\application\admin\widget\Index.php ]
[ info ] [ RUN ] app\admin\widget\Index->menu[ D:\wamp64\www\9d_admin\application\admin\widget\Index.php ]
[ info ] [ RUN ] app\admin\widget\Index->menu[ D:\wamp64\www\9d_admin\application\admin\widget\Index.php ]
[ info ] [ RUN ] app\admin\widget\Index->menu[ D:\wamp64\www\9d_admin\application\admin\widget\Index.php ]
[ info ] [ RUN ] app\admin\widget\Index->menu[ D:\wamp64\www\9d_admin\application\admin\widget\Index.php ]
[ info ] [ RUN ] app\admin\widget\Index->menu[ D:\wamp64\www\9d_admin\application\admin\widget\Index.php ]
[ info ] [ RUN ] app\admin\widget\Index->menu[ D:\wamp64\www\9d_admin\application\admin\widget\Index.php ]
[ info ] [ RUN ] app\admin\widget\Index->menu[ D:\wamp64\www\9d_admin\application\admin\widget\Index.php ]
[ info ] [ RUN ] app\admin\widget\Index->menu[ D:\wamp64\www\9d_admin\application\admin\widget\Index.php ]
[ info ] [ RUN ] app\admin\widget\Index->menu[ D:\wamp64\www\9d_admin\application\admin\widget\Index.php ]
[ info ] [ RUN ] app\admin\widget\Index->menu[ D:\wamp64\www\9d_admin\application\admin\widget\Index.php ]
[ info ] [ RUN ] app\admin\widget\Index->menu[ D:\wamp64\www\9d_admin\application\admin\widget\Index.php ]
[ info ] [ RUN ] app\admin\widget\Index->menu[ D:\wamp64\www\9d_admin\application\admin\widget\Index.php ]
[ info ] [ RUN ] app\admin\widget\Index->menu[ D:\wamp64\www\9d_admin\application\admin\widget\Index.php ]
[ info ] [ RUN ] app\admin\widget\Index->menu[ D:\wamp64\www\9d_admin\application\admin\widget\Index.php ]
[ info ] [ BEHAVIOR ] Run \app\common\behavior\WebLog @app_end [ RunTime:0.021001s ]
[ info ] [ LOG ] INIT File
[ sql ] [ DB ] CONNECT:[ UseTime:0.048003s ] mysql:dbname=9d_admin;host=127.0.0.1;charset=utf8
[ sql ] [ SQL ] SHOW COLUMNS FROM `9d_admin_node` [ RunTime:0.088005s ]
[ sql ] [ SQL ] SELECT `id`,`pid`,`name`,`group_id`,`title`,`type` FROM `9d_admin_node` WHERE  (  status=1 AND group_id > 0 ) [ RunTime:0.038002s ]
[ sql ] [ SQL ] SHOW COLUMNS FROM `9d_admin_group` [ RunTime:0.021001s ]
[ sql ] [ SQL ] SELECT `id`,`name`,`icon` FROM `9d_admin_group` WHERE  `id` IN (1,2,5,3,4,8,9)  AND `status` = 1 ORDER BY sort asc,id asc [ RunTime:0.001000s ]
[ sql ] [ SQL ] SHOW COLUMNS FROM `9d_admin_user` [ RunTime:0.018001s ]
[ sql ] [ SQL ] SELECT * FROM `9d_admin_user` WHERE  `id` = 1 LIMIT 1 [ RunTime:0.006001s ]
[ sql ] [ SQL ] SHOW COLUMNS FROM `9d_web_log_all` [ RunTime:0.013001s ]
[ sql ] [ SQL ] INSERT INTO `9d_web_log_all` (`uid` , `ip` , `location` , `os` , `browser` , `url` , `module` , `controller` , `action` , `method` , `data` , `create_at`) VALUES (1 , '127.0.0.1' , '本机地址 本机地址  ' , 'Windows 7' , 'Chrome(60.0.3112.90)' , 'http://www.9d_admin.com/admin.html' , 'admin' , 'Index' , 'index' , 'GET' , 'a:0:{}' , 1502759937) [ RunTime:0.006000s ]

---------------------------------------------------------------
[ 2017-08-15T09:18:58+08:00 ] 127.0.0.1 127.0.0.1 GET /admin/index/welcome.html
[ log ] www.9d_admin.com/admin/index/welcome.html [运行时间：0.059003s][吞吐率：16.95req/s] [内存消耗：7,472.61kb] [文件加载：71]
[ info ] [ LANG ] D:\wamp64\www\9d_admin\thinkphp\lang\zh-cn.php
[ info ] [ ROUTE ] array (
  'type' => 'module',
  'module' => 
  array (
    0 => 'admin',
    1 => 'index',
    2 => 'welcome',
  ),
)
[ info ] [ HEADER ] array (
  'host' => 'www.9d_admin.com',
  'connection' => 'keep-alive',
  'upgrade-insecure-requests' => '1',
  'user-agent' => 'Mozilla/5.0 (Windows NT 6.1; Win64; x64) AppleWebKit/537.36 (KHTML, like Gecko) Chrome/60.0.3112.90 Safari/537.36',
  'accept' => 'text/html,application/xhtml+xml,application/xml;q=0.9,image/webp,image/apng,*/*;q=0.8',
  'dnt' => '1',
  'referer' => 'http://www.9d_admin.com/admin.html',
  'accept-encoding' => 'gzip, deflate',
  'accept-language' => 'zh-CN,zh;q=0.8,en-GB;q=0.6,en;q=0.4,zh-TW;q=0.2',
  'cookie' => 'thinkphp_show_page_trace=0|0; PHPSESSID=7gd82dnt44d5s99t231t871aa6',
)
[ info ] [ PARAM ] array (
)
[ info ] [ SESSION ] INIT array (
  'id' => '',
  'var_session_id' => '',
  'prefix' => 'think',
  'type' => '',
  'auto_start' => true,
)
[ info ] [ BEHAVIOR ] Run \app\common\behavior\WebLog @module_init [ RunTime:0.005000s ]
[ info ] [ RUN ] app\admin\controller\Index->welcome[ D:\wamp64\www\9d_admin\application\admin\controller\Index.php ]
[ info ] [ DB ] INIT mysql
[ info ] [ VIEW ] D:\wamp64\www\9d_admin\public/../application/admin\view\index\welcome.html [ array (
  0 => 'current_login_ip',
  1 => 'current_login_loc',
  2 => 'info',
) ]
[ info ] [ BEHAVIOR ] Run \app\common\behavior\WebLog @app_end [ RunTime:0.002000s ]
[ info ] [ LOG ] INIT File
[ sql ] [ DB ] CONNECT:[ UseTime:0.010000s ] mysql:dbname=9d_admin;host=127.0.0.1;charset=utf8
[ sql ] [ SQL ] SHOW COLUMNS FROM `9d_admin_user` [ RunTime:0.000000s ]
[ sql ] [ SQL ] SELECT * FROM `9d_admin_user` WHERE  `id` = 1 LIMIT 1 [ RunTime:0.000000s ]
[ sql ] [ SQL ] SHOW COLUMNS FROM `9d_web_log_all` [ RunTime:0.001000s ]
[ sql ] [ SQL ] INSERT INTO `9d_web_log_all` (`uid` , `ip` , `location` , `os` , `browser` , `url` , `module` , `controller` , `action` , `method` , `data` , `create_at`) VALUES (1 , '127.0.0.1' , '本机地址 本机地址  ' , 'Windows 7' , 'Chrome(60.0.3112.90)' , 'http://www.9d_admin.com/admin/index/welcome.html' , 'admin' , 'Index' , 'welcome' , 'GET' , 'a:0:{}' , 1502759938) [ RunTime:0.000000s ]

---------------------------------------------------------------
[ 2017-08-15T16:26:55+08:00 ] 0.0.0.0 0.0.0.0 CLI 
[ log ] cmd:server.php [运行时间：0.202011s][吞吐率：4.95req/s] [内存消耗：5,812.53kb] [文件加载：61]
[ info ] [ LANG ] D:\wamp64\www\9d_admin\thinkphp\lang\zh-cn.php
[ info ] [ BIND ] 'admin/Worker'
[ info ] [ ROUTE ] array (
  'type' => 'module',
  'module' => 
  array (
    0 => 'admin',
    1 => 'Worker',
    2 => NULL,
  ),
)
[ info ] [ HEADER ] array (
)
[ info ] [ PARAM ] array (
)
[ info ] [ SESSION ] INIT array (
  'id' => '',
  'var_session_id' => '',
  'prefix' => 'think',
  'type' => '',
  'auto_start' => true,
)
[ info ] [ LOG ] INIT File
[ error ] [8]Undefined index: HTTP_USER_AGENT[D:\wamp64\www\9d_admin\extend\Agent.php:74]

---------------------------------------------------------------
[ 2017-08-15T16:37:47+08:00 ] 0.0.0.0 0.0.0.0 CLI 
[ log ] cmd:server.php [运行时间：0.051003s][吞吐率：19.61req/s] [内存消耗：5,560.13kb] [文件加载：52]
[ info ] [ LANG ] D:\wamp64\www\9d_admin\thinkphp\lang\zh-cn.php
[ info ] [ BIND ] 'admin/Worker'
[ info ] [ ROUTE ] array (
  'type' => 'module',
  'module' => 
  array (
    0 => 'admin',
    1 => 'Worker',
    2 => NULL,
  ),
)
[ info ] [ HEADER ] array (
)
[ info ] [ PARAM ] array (
)
[ info ] [ SESSION ] INIT array (
  'id' => '',
  'var_session_id' => '',
  'prefix' => 'think',
  'type' => '',
  'auto_start' => true,
)
[ info ] [ LOG ] INIT File

---------------------------------------------------------------
[ 2017-08-15T16:40:52+08:00 ] 0.0.0.0 0.0.0.0 CLI 
[ log ] cmd:server.php [运行时间：0.064004s][吞吐率：15.62req/s] [内存消耗：5,812.73kb] [文件加载：61]
[ info ] [ LANG ] D:\wamp64\www\9d_admin\thinkphp\lang\zh-cn.php
[ info ] [ BIND ] 'admin/Worker'
[ info ] [ ROUTE ] array (
  'type' => 'module',
  'module' => 
  array (
    0 => 'admin',
    1 => 'Worker',
    2 => NULL,
  ),
)
[ info ] [ HEADER ] array (
)
[ info ] [ PARAM ] array (
)
[ info ] [ SESSION ] INIT array (
  'id' => '',
  'var_session_id' => '',
  'prefix' => 'think',
  'type' => '',
  'auto_start' => true,
)
[ info ] [ LOG ] INIT File
[ error ] [8]Undefined index: HTTP_USER_AGENT[D:\wamp64\www\9d_admin\extend\Agent.php:25]

---------------------------------------------------------------
[ 2017-08-15T16:46:18+08:00 ] 0.0.0.0 0.0.0.0 CLI 
[ log ] cmd:server.php [运行时间：0.051003s][吞吐率：19.61req/s] [内存消耗：5,812.70kb] [文件加载：61]
[ info ] [ LANG ] D:\wamp64\www\9d_admin\thinkphp\lang\zh-cn.php
[ info ] [ BIND ] 'admin/Worker'
[ info ] [ ROUTE ] array (
  'type' => 'module',
  'module' => 
  array (
    0 => 'admin',
    1 => 'Worker',
    2 => NULL,
  ),
)
[ info ] [ HEADER ] array (
)
[ info ] [ PARAM ] array (
)
[ info ] [ SESSION ] INIT array (
  'id' => '',
  'var_session_id' => '',
  'prefix' => 'think',
  'type' => '',
  'auto_start' => true,
)
[ info ] [ LOG ] INIT File
[ error ] [8]Undefined index: HTTP_USER_AGENT[D:\wamp64\www\9d_admin\extend\Agent.php:25]

---------------------------------------------------------------
[ 2017-08-15T16:46:42+08:00 ] 0.0.0.0 0.0.0.0 CLI 
[ log ] cmd:server.php [运行时间：0.051003s][吞吐率：19.61req/s] [内存消耗：5,812.70kb] [文件加载：61]
[ info ] [ LANG ] D:\wamp64\www\9d_admin\thinkphp\lang\zh-cn.php
[ info ] [ BIND ] 'admin/Worker'
[ info ] [ ROUTE ] array (
  'type' => 'module',
  'module' => 
  array (
    0 => 'admin',
    1 => 'Worker',
    2 => NULL,
  ),
)
[ info ] [ HEADER ] array (
)
[ info ] [ PARAM ] array (
)
[ info ] [ SESSION ] INIT array (
  'id' => '',
  'var_session_id' => '',
  'prefix' => 'think',
  'type' => '',
  'auto_start' => true,
)
[ info ] [ LOG ] INIT File
[ error ] [8]Undefined index: HTTP_USER_AGENT[D:\wamp64\www\9d_admin\extend\Agent.php:25]

---------------------------------------------------------------
[ 2017-08-15T16:49:22+08:00 ] 0.0.0.0 0.0.0.0 CLI 
[ log ] cmd:server.php [运行时间：0.090005s][吞吐率：11.11req/s] [内存消耗：5,990.80kb] [文件加载：67]
[ info ] [ LANG ] D:\wamp64\www\9d_admin\thinkphp\lang\zh-cn.php
[ info ] [ BIND ] 'admin/Worker'
[ info ] [ ROUTE ] array (
  'type' => 'module',
  'module' => 
  array (
    0 => 'admin',
    1 => 'Worker',
    2 => NULL,
  ),
)
[ info ] [ HEADER ] array (
)
[ info ] [ PARAM ] array (
)
[ info ] [ SESSION ] INIT array (
  'id' => '',
  'var_session_id' => '',
  'prefix' => 'think',
  'type' => '',
  'auto_start' => true,
)
[ info ] [ BEHAVIOR ] Run \app\common\behavior\WebLog @module_init [ RunTime:0.006001s ]
[ info ] [ LOG ] INIT File
[ error ] [0]class \Protocols\JsonNL not exist[D:\wamp64\www\9d_admin\vendor\workerman\workerman-for-win\Worker.php:716]

---------------------------------------------------------------
[ 2017-08-15T17:19:04+08:00 ] 0.0.0.0 0.0.0.0 CLI 
[ log ] cmd:server.php [运行时间：35.071006s][吞吐率：0.03req/s] [内存消耗：6,004.15kb] [文件加载：65]
[ info ] [ LANG ] D:\wamp64\www\9d_admin\thinkphp\lang\zh-cn.php
[ info ] [ BIND ] 'admin/Worker'
[ info ] [ ROUTE ] array (
  'type' => 'module',
  'module' => 
  array (
    0 => 'admin',
    1 => 'Worker',
    2 => NULL,
  ),
)
[ info ] [ HEADER ] array (
)
[ info ] [ PARAM ] array (
)
[ info ] [ SESSION ] INIT array (
  'id' => '',
  'var_session_id' => '',
  'prefix' => 'think',
  'type' => '',
  'auto_start' => true,
)
[ info ] [ BEHAVIOR ] Run \app\common\behavior\WebLog @module_init [ RunTime:0.006001s ]
[ info ] [ LOG ] INIT File

---------------------------------------------------------------
