[ 2017-08-22T10:34:46+08:00 ] 0.0.0.0 0.0.0.0 CLI 
[ log ] cmd:server.php start [运行时间：115.355598s][吞吐率：0.01req/s] [内存消耗：6,016.18kb] [文件加载：65]
[ info ] [ LANG ] D:\wamp64\www\9d_admin\thinkphp\lang\zh-cn.php
[ info ] [ BIND ] 'admin/Worker'
[ info ] [ ROUTE ] array (
  'type' => 'module',
  'module' => 
  array (
    0 => 'admin',
    1 => 'Worker',
    2 => 'start',
  ),
)
[ info ] [ HEADER ] array (
)
[ info ] [ PARAM ] array (
)
[ info ] [ SESSION ] INIT array (
  'id' => '',
  'var_session_id' => '',
  'prefix' => 'think',
  'type' => '',
  'auto_start' => true,
)
[ info ] [ BEHAVIOR ] Run \app\common\behavior\WebLog @module_init [ RunTime:0.040002s ]
[ info ] [ LOG ] INIT File

---------------------------------------------------------------
[ 2017-08-22T10:47:47+08:00 ] 0.0.0.0 0.0.0.0 CLI 
[ log ] cmd:server.php start [运行时间：423.230207s][吞吐率：0.00req/s] [内存消耗：6,022.39kb] [文件加载：65]
[ info ] [ LANG ] D:\wamp64\www\9d_admin\thinkphp\lang\zh-cn.php
[ info ] [ BIND ] 'admin/Worker'
[ info ] [ ROUTE ] array (
  'type' => 'module',
  'module' => 
  array (
    0 => 'admin',
    1 => 'Worker',
    2 => 'start',
  ),
)
[ info ] [ HEADER ] array (
)
[ info ] [ PARAM ] array (
)
[ info ] [ SESSION ] INIT array (
  'id' => '',
  'var_session_id' => '',
  'prefix' => 'think',
  'type' => '',
  'auto_start' => true,
)
[ info ] [ BEHAVIOR ] Run \app\common\behavior\WebLog @module_init [ RunTime:0.007001s ]
[ info ] [ LOG ] INIT File

---------------------------------------------------------------
[ 2017-08-22T10:49:14+08:00 ] 0.0.0.0 0.0.0.0 CLI 
[ log ] cmd:server.php start [运行时间：3.078177s][吞吐率：0.32req/s] [内存消耗：6,022.39kb] [文件加载：65]
[ info ] [ LANG ] D:\wamp64\www\9d_admin\thinkphp\lang\zh-cn.php
[ info ] [ BIND ] 'admin/Worker'
[ info ] [ ROUTE ] array (
  'type' => 'module',
  'module' => 
  array (
    0 => 'admin',
    1 => 'Worker',
    2 => 'start',
  ),
)
[ info ] [ HEADER ] array (
)
[ info ] [ PARAM ] array (
)
[ info ] [ SESSION ] INIT array (
  'id' => '',
  'var_session_id' => '',
  'prefix' => 'think',
  'type' => '',
  'auto_start' => true,
)
[ info ] [ BEHAVIOR ] Run \app\common\behavior\WebLog @module_init [ RunTime:0.006001s ]
[ info ] [ LOG ] INIT File

---------------------------------------------------------------
[ 2017-08-22T14:14:22+08:00 ] 127.0.0.1 127.0.0.1 GET /
[ log ] www.9d_admin.com/ [运行时间：0.845048s][吞吐率：1.18req/s] [内存消耗：1,630.59kb] [文件加载：41]
[ info ] [ LANG ] D:\wamp64\www\9d_admin\thinkphp\lang\zh-cn.php
[ info ] [ ROUTE ] array (
  'type' => 'module',
  'module' => 
  array (
    0 => '',
    1 => NULL,
    2 => NULL,
  ),
)
[ info ] [ HEADER ] array (
  'host' => 'www.9d_admin.com',
  'connection' => 'keep-alive',
  'upgrade-insecure-requests' => '1',
  'user-agent' => 'Mozilla/5.0 (Windows NT 6.1; Win64; x64) AppleWebKit/537.36 (KHTML, like Gecko) Chrome/60.0.3112.101 Safari/537.36',
  'accept' => 'text/html,application/xhtml+xml,application/xml;q=0.9,image/webp,image/apng,*/*;q=0.8',
  'dnt' => '1',
  'accept-encoding' => 'gzip, deflate',
  'accept-language' => 'zh-CN,zh;q=0.8,en-GB;q=0.6,en;q=0.4,zh-TW;q=0.2',
  'cookie' => 'PHPSESSID=7gd82dnt44d5s99t231t871aa6; thinkphp_show_page_trace=0|0',
)
[ info ] [ PARAM ] array (
)
[ info ] [ RUN ] app\index\controller\Index->index[ D:\wamp64\www\9d_admin\application\index\controller\Index.php ]
[ info ] [ LOG ] INIT File

---------------------------------------------------------------
[ 2017-08-22T14:14:26+08:00 ] 127.0.0.1 127.0.0.1 GET /admin.html
[ log ] www.9d_admin.com/admin.html [运行时间：3.289188s][吞吐率：0.30req/s] [内存消耗：7,638.04kb] [文件加载：73]
[ info ] [ LANG ] D:\wamp64\www\9d_admin\thinkphp\lang\zh-cn.php
[ info ] [ ROUTE ] array (
  'type' => 'module',
  'module' => 
  array (
    0 => 'admin',
    1 => NULL,
    2 => NULL,
  ),
)
[ info ] [ HEADER ] array (
  'host' => 'www.9d_admin.com',
  'connection' => 'keep-alive',
  'upgrade-insecure-requests' => '1',
  'user-agent' => 'Mozilla/5.0 (Windows NT 6.1; Win64; x64) AppleWebKit/537.36 (KHTML, like Gecko) Chrome/60.0.3112.101 Safari/537.36',
  'accept' => 'text/html,application/xhtml+xml,application/xml;q=0.9,image/webp,image/apng,*/*;q=0.8',
  'dnt' => '1',
  'accept-encoding' => 'gzip, deflate',
  'accept-language' => 'zh-CN,zh;q=0.8,en-GB;q=0.6,en;q=0.4,zh-TW;q=0.2',
  'cookie' => 'PHPSESSID=7gd82dnt44d5s99t231t871aa6; thinkphp_show_page_trace=0|0',
)
[ info ] [ PARAM ] array (
)
[ info ] [ SESSION ] INIT array (
  'id' => '',
  'var_session_id' => '',
  'prefix' => 'think',
  'type' => '',
  'auto_start' => true,
)
[ info ] [ BEHAVIOR ] Run \app\common\behavior\WebLog @module_init [ RunTime:0.106006s ]
[ info ] [ RUN ] app\admin\controller\Index->index[ D:\wamp64\www\9d_admin\application\admin\controller\Index.php ]
[ info ] [ DB ] INIT mysql
[ info ] [ VIEW ] D:\wamp64\www\9d_admin\public/../application/admin\view\index\index.html [ array (
  0 => 'groups',
  1 => 'menu',
  2 => 'info',
) ]
[ info ] [ RUN ] app\admin\widget\Index->menu[ D:\wamp64\www\9d_admin\application\admin\widget\Index.php ]
[ info ] [ RUN ] app\admin\widget\Index->menu[ D:\wamp64\www\9d_admin\application\admin\widget\Index.php ]
[ info ] [ RUN ] app\admin\widget\Index->menu[ D:\wamp64\www\9d_admin\application\admin\widget\Index.php ]
[ info ] [ RUN ] app\admin\widget\Index->menu[ D:\wamp64\www\9d_admin\application\admin\widget\Index.php ]
[ info ] [ RUN ] app\admin\widget\Index->menu[ D:\wamp64\www\9d_admin\application\admin\widget\Index.php ]
[ info ] [ RUN ] app\admin\widget\Index->menu[ D:\wamp64\www\9d_admin\application\admin\widget\Index.php ]
[ info ] [ RUN ] app\admin\widget\Index->menu[ D:\wamp64\www\9d_admin\application\admin\widget\Index.php ]
[ info ] [ RUN ] app\admin\widget\Index->menu[ D:\wamp64\www\9d_admin\application\admin\widget\Index.php ]
[ info ] [ RUN ] app\admin\widget\Index->menu[ D:\wamp64\www\9d_admin\application\admin\widget\Index.php ]
[ info ] [ RUN ] app\admin\widget\Index->menu[ D:\wamp64\www\9d_admin\application\admin\widget\Index.php ]
[ info ] [ RUN ] app\admin\widget\Index->menu[ D:\wamp64\www\9d_admin\application\admin\widget\Index.php ]
[ info ] [ RUN ] app\admin\widget\Index->menu[ D:\wamp64\www\9d_admin\application\admin\widget\Index.php ]
[ info ] [ RUN ] app\admin\widget\Index->menu[ D:\wamp64\www\9d_admin\application\admin\widget\Index.php ]
[ info ] [ RUN ] app\admin\widget\Index->menu[ D:\wamp64\www\9d_admin\application\admin\widget\Index.php ]
[ info ] [ RUN ] app\admin\widget\Index->menu[ D:\wamp64\www\9d_admin\application\admin\widget\Index.php ]
[ info ] [ RUN ] app\admin\widget\Index->menu[ D:\wamp64\www\9d_admin\application\admin\widget\Index.php ]
[ info ] [ RUN ] app\admin\widget\Index->menu[ D:\wamp64\www\9d_admin\application\admin\widget\Index.php ]
[ info ] [ RUN ] app\admin\widget\Index->menu[ D:\wamp64\www\9d_admin\application\admin\widget\Index.php ]
[ info ] [ RUN ] app\admin\widget\Index->menu[ D:\wamp64\www\9d_admin\application\admin\widget\Index.php ]
[ info ] [ RUN ] app\admin\widget\Index->menu[ D:\wamp64\www\9d_admin\application\admin\widget\Index.php ]
[ info ] [ RUN ] app\admin\widget\Index->menu[ D:\wamp64\www\9d_admin\application\admin\widget\Index.php ]
[ info ] [ RUN ] app\admin\widget\Index->menu[ D:\wamp64\www\9d_admin\application\admin\widget\Index.php ]
[ info ] [ RUN ] app\admin\widget\Index->menu[ D:\wamp64\www\9d_admin\application\admin\widget\Index.php ]
[ info ] [ RUN ] app\admin\widget\Index->menu[ D:\wamp64\www\9d_admin\application\admin\widget\Index.php ]
[ info ] [ RUN ] app\admin\widget\Index->menu[ D:\wamp64\www\9d_admin\application\admin\widget\Index.php ]
[ info ] [ RUN ] app\admin\widget\Index->menu[ D:\wamp64\www\9d_admin\application\admin\widget\Index.php ]
[ info ] [ RUN ] app\admin\widget\Index->menu[ D:\wamp64\www\9d_admin\application\admin\widget\Index.php ]
[ info ] [ RUN ] app\admin\widget\Index->menu[ D:\wamp64\www\9d_admin\application\admin\widget\Index.php ]
[ info ] [ RUN ] app\admin\widget\Index->menu[ D:\wamp64\www\9d_admin\application\admin\widget\Index.php ]
[ info ] [ RUN ] app\admin\widget\Index->menu[ D:\wamp64\www\9d_admin\application\admin\widget\Index.php ]
[ info ] [ RUN ] app\admin\widget\Index->menu[ D:\wamp64\www\9d_admin\application\admin\widget\Index.php ]
[ info ] [ RUN ] app\admin\widget\Index->menu[ D:\wamp64\www\9d_admin\application\admin\widget\Index.php ]
[ info ] [ RUN ] app\admin\widget\Index->menu[ D:\wamp64\www\9d_admin\application\admin\widget\Index.php ]
[ info ] [ RUN ] app\admin\widget\Index->menu[ D:\wamp64\www\9d_admin\application\admin\widget\Index.php ]
[ info ] [ RUN ] app\admin\widget\Index->menu[ D:\wamp64\www\9d_admin\application\admin\widget\Index.php ]
[ info ] [ RUN ] app\admin\widget\Index->menu[ D:\wamp64\www\9d_admin\application\admin\widget\Index.php ]
[ info ] [ RUN ] app\admin\widget\Index->menu[ D:\wamp64\www\9d_admin\application\admin\widget\Index.php ]
[ info ] [ RUN ] app\admin\widget\Index->menu[ D:\wamp64\www\9d_admin\application\admin\widget\Index.php ]
[ info ] [ RUN ] app\admin\widget\Index->menu[ D:\wamp64\www\9d_admin\application\admin\widget\Index.php ]
[ info ] [ RUN ] app\admin\widget\Index->menu[ D:\wamp64\www\9d_admin\application\admin\widget\Index.php ]
[ info ] [ RUN ] app\admin\widget\Index->menu[ D:\wamp64\www\9d_admin\application\admin\widget\Index.php ]
[ info ] [ RUN ] app\admin\widget\Index->menu[ D:\wamp64\www\9d_admin\application\admin\widget\Index.php ]
[ info ] [ RUN ] app\admin\widget\Index->menu[ D:\wamp64\www\9d_admin\application\admin\widget\Index.php ]
[ info ] [ RUN ] app\admin\widget\Index->menu[ D:\wamp64\www\9d_admin\application\admin\widget\Index.php ]
[ info ] [ RUN ] app\admin\widget\Index->menu[ D:\wamp64\www\9d_admin\application\admin\widget\Index.php ]
[ info ] [ RUN ] app\admin\widget\Index->menu[ D:\wamp64\www\9d_admin\application\admin\widget\Index.php ]
[ info ] [ RUN ] app\admin\widget\Index->menu[ D:\wamp64\www\9d_admin\application\admin\widget\Index.php ]
[ info ] [ RUN ] app\admin\widget\Index->menu[ D:\wamp64\www\9d_admin\application\admin\widget\Index.php ]
[ info ] [ RUN ] app\admin\widget\Index->menu[ D:\wamp64\www\9d_admin\application\admin\widget\Index.php ]
[ info ] [ RUN ] app\admin\widget\Index->menu[ D:\wamp64\www\9d_admin\application\admin\widget\Index.php ]
[ info ] [ RUN ] app\admin\widget\Index->menu[ D:\wamp64\www\9d_admin\application\admin\widget\Index.php ]
[ info ] [ RUN ] app\admin\widget\Index->menu[ D:\wamp64\www\9d_admin\application\admin\widget\Index.php ]
[ info ] [ RUN ] app\admin\widget\Index->menu[ D:\wamp64\www\9d_admin\application\admin\widget\Index.php ]
[ info ] [ BEHAVIOR ] Run \app\common\behavior\WebLog @app_end [ RunTime:0.246014s ]
[ info ] [ LOG ] INIT File
[ sql ] [ DB ] CONNECT:[ UseTime:0.218012s ] mysql:dbname=9d_admin;host=127.0.0.1;charset=utf8
[ sql ] [ SQL ] SHOW COLUMNS FROM `9d_admin_node` [ RunTime:1.192069s ]
[ sql ] [ SQL ] SELECT `id`,`pid`,`name`,`group_id`,`title`,`type` FROM `9d_admin_node` WHERE  (  status=1 AND group_id > 0 ) [ RunTime:0.289017s ]
[ sql ] [ SQL ] SHOW COLUMNS FROM `9d_admin_group` [ RunTime:0.065004s ]
[ sql ] [ SQL ] SELECT `id`,`name`,`icon` FROM `9d_admin_group` WHERE  `id` IN (1,2,5,3,4,8,9)  AND `status` = 1 ORDER BY sort asc,id asc [ RunTime:0.065003s ]
[ sql ] [ SQL ] SHOW COLUMNS FROM `9d_admin_user` [ RunTime:0.070004s ]
[ sql ] [ SQL ] SELECT * FROM `9d_admin_user` WHERE  `id` = 1 LIMIT 1 [ RunTime:0.024002s ]
[ sql ] [ SQL ] SHOW COLUMNS FROM `9d_web_log_all` [ RunTime:0.165010s ]
[ sql ] [ SQL ] INSERT INTO `9d_web_log_all` (`uid` , `ip` , `location` , `os` , `browser` , `url` , `module` , `controller` , `action` , `method` , `data` , `create_at`) VALUES (1 , '127.0.0.1' , '本机地址 本机地址  ' , 'Windows 7' , 'Chrome(60.0.3112.101)' , 'http://www.9d_admin.com/admin.html' , 'admin' , 'Index' , 'index' , 'GET' , 'a:0:{}' , 1503382463) [ RunTime:0.070004s ]

---------------------------------------------------------------
[ 2017-08-22T14:14:27+08:00 ] 127.0.0.1 127.0.0.1 GET /admin/index/welcome.html
[ log ] www.9d_admin.com/admin/index/welcome.html [运行时间：0.208012s][吞吐率：4.81req/s] [内存消耗：7,473.94kb] [文件加载：71]
[ info ] [ LANG ] D:\wamp64\www\9d_admin\thinkphp\lang\zh-cn.php
[ info ] [ ROUTE ] array (
  'type' => 'module',
  'module' => 
  array (
    0 => 'admin',
    1 => 'index',
    2 => 'welcome',
  ),
)
[ info ] [ HEADER ] array (
  'host' => 'www.9d_admin.com',
  'connection' => 'keep-alive',
  'upgrade-insecure-requests' => '1',
  'user-agent' => 'Mozilla/5.0 (Windows NT 6.1; Win64; x64) AppleWebKit/537.36 (KHTML, like Gecko) Chrome/60.0.3112.101 Safari/537.36',
  'accept' => 'text/html,application/xhtml+xml,application/xml;q=0.9,image/webp,image/apng,*/*;q=0.8',
  'dnt' => '1',
  'referer' => 'http://www.9d_admin.com/admin.html',
  'accept-encoding' => 'gzip, deflate',
  'accept-language' => 'zh-CN,zh;q=0.8,en-GB;q=0.6,en;q=0.4,zh-TW;q=0.2',
  'cookie' => 'thinkphp_show_page_trace=0|0; PHPSESSID=7gd82dnt44d5s99t231t871aa6; thinkphp_show_page_trace=0|0',
)
[ info ] [ PARAM ] array (
)
[ info ] [ SESSION ] INIT array (
  'id' => '',
  'var_session_id' => '',
  'prefix' => 'think',
  'type' => '',
  'auto_start' => true,
)
[ info ] [ BEHAVIOR ] Run \app\common\behavior\WebLog @module_init [ RunTime:0.004000s ]
[ info ] [ RUN ] app\admin\controller\Index->welcome[ D:\wamp64\www\9d_admin\application\admin\controller\Index.php ]
[ info ] [ DB ] INIT mysql
[ info ] [ VIEW ] D:\wamp64\www\9d_admin\public/../application/admin\view\index\welcome.html [ array (
  0 => 'current_login_ip',
  1 => 'current_login_loc',
  2 => 'info',
) ]
[ info ] [ BEHAVIOR ] Run \app\common\behavior\WebLog @app_end [ RunTime:0.002000s ]
[ info ] [ LOG ] INIT File
[ sql ] [ DB ] CONNECT:[ UseTime:0.001000s ] mysql:dbname=9d_admin;host=127.0.0.1;charset=utf8
[ sql ] [ SQL ] SHOW COLUMNS FROM `9d_admin_user` [ RunTime:0.000000s ]
[ sql ] [ SQL ] SELECT * FROM `9d_admin_user` WHERE  `id` = 1 LIMIT 1 [ RunTime:0.000000s ]
[ sql ] [ SQL ] SHOW COLUMNS FROM `9d_web_log_all` [ RunTime:0.000000s ]
[ sql ] [ SQL ] INSERT INTO `9d_web_log_all` (`uid` , `ip` , `location` , `os` , `browser` , `url` , `module` , `controller` , `action` , `method` , `data` , `create_at`) VALUES (1 , '127.0.0.1' , '本机地址 本机地址  ' , 'Windows 7' , 'Chrome(60.0.3112.101)' , 'http://www.9d_admin.com/admin/index/welcome.html' , 'admin' , 'Index' , 'welcome' , 'GET' , 'a:0:{}' , 1503382466) [ RunTime:0.000000s ]

---------------------------------------------------------------
[ 2017-08-22T14:16:42+08:00 ] 127.0.0.1 127.0.0.1 GET /admin/recharge.recharge_detail/index.html
[ log ] www.9d_admin.com/admin/recharge.recharge_detail/index.html [运行时间：0.128007s][吞吐率：7.81req/s] [内存消耗：7,398.77kb] [文件加载：70]
[ info ] [ LANG ] D:\wamp64\www\9d_admin\thinkphp\lang\zh-cn.php
[ info ] [ ROUTE ] array (
  'type' => 'module',
  'module' => 
  array (
    0 => 'admin',
    1 => 'recharge.recharge_detail',
    2 => 'index',
  ),
)
[ info ] [ HEADER ] array (
  'host' => 'www.9d_admin.com',
  'connection' => 'keep-alive',
  'upgrade-insecure-requests' => '1',
  'user-agent' => 'Mozilla/5.0 (Windows NT 6.1; Win64; x64) AppleWebKit/537.36 (KHTML, like Gecko) Chrome/60.0.3112.101 Safari/537.36',
  'accept' => 'text/html,application/xhtml+xml,application/xml;q=0.9,image/webp,image/apng,*/*;q=0.8',
  'dnt' => '1',
  'referer' => 'http://www.9d_admin.com/admin.html',
  'accept-encoding' => 'gzip, deflate',
  'accept-language' => 'zh-CN,zh;q=0.8,en-GB;q=0.6,en;q=0.4,zh-TW;q=0.2',
  'cookie' => 'thinkphp_show_page_trace=0|0; PHPSESSID=7gd82dnt44d5s99t231t871aa6; thinkphp_show_page_trace=0|0',
)
[ info ] [ PARAM ] array (
)
[ info ] [ SESSION ] INIT array (
  'id' => '',
  'var_session_id' => '',
  'prefix' => 'think',
  'type' => '',
  'auto_start' => true,
)
[ info ] [ BEHAVIOR ] Run \app\common\behavior\WebLog @module_init [ RunTime:0.004001s ]
[ info ] [ RUN ] app\admin\controller\recharge\RechargeDetail->index[ D:\wamp64\www\9d_admin\application\admin\controller\recharge\RechargeDetail.php ]
[ info ] [ DB ] INIT mysql
[ info ] [ VIEW ] D:\wamp64\www\9d_admin\public/../application/admin\view\recharge\recharge_detail\index.html [ array (
) ]
[ info ] [ DB ] INIT mysql
[ info ] [ BEHAVIOR ] Run \app\common\behavior\WebLog @app_end [ RunTime:0.016001s ]
[ info ] [ LOG ] INIT File
[ sql ] [ DB ] CONNECT:[ UseTime:0.010000s ] mysql:dbname=9d_admin;host=127.0.0.1;charset=utf8
[ sql ] [ SQL ] SHOW COLUMNS FROM `9d_web_log_all` [ RunTime:0.001001s ]
[ sql ] [ SQL ] INSERT INTO `9d_web_log_all` (`uid` , `ip` , `location` , `os` , `browser` , `url` , `module` , `controller` , `action` , `method` , `data` , `create_at`) VALUES (1 , '127.0.0.1' , '本机地址 本机地址  ' , 'Windows 7' , 'Chrome(60.0.3112.101)' , 'http://www.9d_admin.com/admin/recharge.recharge_detail/index.html' , 'admin' , 'recharge.RechargeDetail' , 'index' , 'GET' , 'a:0:{}' , 1503382602) [ RunTime:0.001000s ]

---------------------------------------------------------------
[ 2017-08-22T16:16:53+08:00 ] 127.0.0.1 127.0.0.1 GET /admin/recharge.recharge_players/index.html
[ log ] www.9d_admin.com/admin/recharge.recharge_players/index.html [运行时间：0.133007s][吞吐率：7.52req/s] [内存消耗：6,505.95kb] [文件加载：68]
[ info ] [ LANG ] D:\wamp64\www\9d_admin\thinkphp\lang\zh-cn.php
[ info ] [ ROUTE ] array (
  'type' => 'module',
  'module' => 
  array (
    0 => 'admin',
    1 => 'recharge.recharge_players',
    2 => 'index',
  ),
)
[ info ] [ HEADER ] array (
  'host' => 'www.9d_admin.com',
  'connection' => 'keep-alive',
  'upgrade-insecure-requests' => '1',
  'user-agent' => 'Mozilla/5.0 (Windows NT 6.1; Win64; x64) AppleWebKit/537.36 (KHTML, like Gecko) Chrome/60.0.3112.101 Safari/537.36',
  'accept' => 'text/html,application/xhtml+xml,application/xml;q=0.9,image/webp,image/apng,*/*;q=0.8',
  'dnt' => '1',
  'referer' => 'http://www.9d_admin.com/admin.html',
  'accept-encoding' => 'gzip, deflate',
  'accept-language' => 'zh-CN,zh;q=0.8,en-GB;q=0.6,en;q=0.4,zh-TW;q=0.2',
  'cookie' => 'thinkphp_show_page_trace=0|0; PHPSESSID=7gd82dnt44d5s99t231t871aa6; thinkphp_show_page_trace=0|0',
)
[ info ] [ PARAM ] array (
)
[ info ] [ SESSION ] INIT array (
  'id' => '',
  'var_session_id' => '',
  'prefix' => 'think',
  'type' => '',
  'auto_start' => true,
)
[ info ] [ BEHAVIOR ] Run \app\common\behavior\WebLog @module_init [ RunTime:0.004000s ]
[ info ] [ RUN ] app\admin\controller\recharge\RechargePlayers->index[ D:\wamp64\www\9d_admin\application\admin\controller\recharge\RechargePlayers.php ]
[ info ] [ VIEW ] D:\wamp64\www\9d_admin\public/../application/admin\view\recharge\recharge_players\index.html [ array (
) ]
[ info ] [ LOG ] INIT File
[ error ] [64]Namespace declaration statement has to be the very first statement or after any declare call in the script[D:\wamp64\www\9d_admin\runtime\temp\628458c03803b65aa9998e22c6a8aa24.php:6]

---------------------------------------------------------------
