[ 2017-08-24T15:17:18+08:00 ] 127.0.0.1 127.0.0.1 GET /
[ log ] www.9d_admin.com/ [运行时间：0.307018s][吞吐率：3.26req/s] [内存消耗：1,630.58kb] [文件加载：41]
[ info ] [ LANG ] D:\wamp64\www\9d_admin\thinkphp\lang\zh-cn.php
[ info ] [ ROUTE ] array (
  'type' => 'module',
  'module' => 
  array (
    0 => '',
    1 => NULL,
    2 => NULL,
  ),
)
[ info ] [ HEADER ] array (
  'host' => 'www.9d_admin.com',
  'connection' => 'keep-alive',
  'upgrade-insecure-requests' => '1',
  'user-agent' => 'Mozilla/5.0 (Windows NT 6.1; Win64; x64) AppleWebKit/537.36 (KHTML, like Gecko) Chrome/60.0.3112.101 Safari/537.36',
  'accept' => 'text/html,application/xhtml+xml,application/xml;q=0.9,image/webp,image/apng,*/*;q=0.8',
  'dnt' => '1',
  'accept-encoding' => 'gzip, deflate',
  'accept-language' => 'zh-CN,zh;q=0.8,en-GB;q=0.6,en;q=0.4,zh-TW;q=0.2',
  'cookie' => 'PHPSESSID=7gd82dnt44d5s99t231t871aa6; thinkphp_show_page_trace=0|0',
)
[ info ] [ PARAM ] array (
)
[ info ] [ RUN ] app\index\controller\Index->index[ D:\wamp64\www\9d_admin\application\index\controller\Index.php ]
[ info ] [ LOG ] INIT File

---------------------------------------------------------------
[ 2017-08-24T15:17:18+08:00 ] 127.0.0.1 127.0.0.1 GET /admin.html
[ log ] www.9d_admin.com/admin.html [运行时间：0.430025s][吞吐率：2.33req/s] [内存消耗：7,391.29kb] [文件加载：70]
[ info ] [ LANG ] D:\wamp64\www\9d_admin\thinkphp\lang\zh-cn.php
[ info ] [ ROUTE ] array (
  'type' => 'module',
  'module' => 
  array (
    0 => 'admin',
    1 => NULL,
    2 => NULL,
  ),
)
[ info ] [ HEADER ] array (
  'host' => 'www.9d_admin.com',
  'connection' => 'keep-alive',
  'upgrade-insecure-requests' => '1',
  'user-agent' => 'Mozilla/5.0 (Windows NT 6.1; Win64; x64) AppleWebKit/537.36 (KHTML, like Gecko) Chrome/60.0.3112.101 Safari/537.36',
  'accept' => 'text/html,application/xhtml+xml,application/xml;q=0.9,image/webp,image/apng,*/*;q=0.8',
  'dnt' => '1',
  'accept-encoding' => 'gzip, deflate',
  'accept-language' => 'zh-CN,zh;q=0.8,en-GB;q=0.6,en;q=0.4,zh-TW;q=0.2',
  'cookie' => 'PHPSESSID=7gd82dnt44d5s99t231t871aa6; thinkphp_show_page_trace=0|0',
)
[ info ] [ PARAM ] array (
)
[ info ] [ SESSION ] INIT array (
  'id' => '',
  'var_session_id' => '',
  'prefix' => 'think',
  'type' => '',
  'auto_start' => true,
)
[ info ] [ BEHAVIOR ] Run \app\common\behavior\WebLog @module_init [ RunTime:0.146008s ]
[ info ] [ DB ] INIT mysql
[ info ] [ BEHAVIOR ] Run \app\common\behavior\WebLog @app_end [ RunTime:0.137008s ]
[ info ] [ LOG ] INIT File
[ sql ] [ DB ] CONNECT:[ UseTime:0.045003s ] mysql:dbname=9d_admin;host=127.0.0.1;charset=utf8
[ sql ] [ SQL ] SHOW COLUMNS FROM `9d_web_log_all` [ RunTime:0.038002s ]
[ sql ] [ SQL ] INSERT INTO `9d_web_log_all` (`uid` , `ip` , `location` , `os` , `browser` , `url` , `module` , `controller` , `action` , `method` , `data` , `create_at`) VALUES (0 , '127.0.0.1' , '本机地址 本机地址  ' , 'Windows 7' , 'Chrome(60.0.3112.101)' , 'http://www.9d_admin.com/admin.html' , 'admin' , 'Index' , 'index' , 'GET' , 'a:0:{}' , 1503559038) [ RunTime:0.015001s ]

---------------------------------------------------------------
[ 2017-08-24T15:17:18+08:00 ] 127.0.0.1 127.0.0.1 GET /admin/pub/login.html
[ log ] www.9d_admin.com/admin/pub/login.html [运行时间：0.153009s][吞吐率：6.54req/s] [内存消耗：7,402.29kb] [文件加载：70]
[ info ] [ LANG ] D:\wamp64\www\9d_admin\thinkphp\lang\zh-cn.php
[ info ] [ ROUTE ] array (
  'type' => 'module',
  'module' => 
  array (
    0 => 'admin',
    1 => 'pub',
    2 => 'login',
  ),
)
[ info ] [ HEADER ] array (
  'host' => 'www.9d_admin.com',
  'connection' => 'keep-alive',
  'upgrade-insecure-requests' => '1',
  'user-agent' => 'Mozilla/5.0 (Windows NT 6.1; Win64; x64) AppleWebKit/537.36 (KHTML, like Gecko) Chrome/60.0.3112.101 Safari/537.36',
  'accept' => 'text/html,application/xhtml+xml,application/xml;q=0.9,image/webp,image/apng,*/*;q=0.8',
  'dnt' => '1',
  'accept-encoding' => 'gzip, deflate',
  'accept-language' => 'zh-CN,zh;q=0.8,en-GB;q=0.6,en;q=0.4,zh-TW;q=0.2',
  'cookie' => 'thinkphp_show_page_trace=0|5; PHPSESSID=7gd82dnt44d5s99t231t871aa6; thinkphp_show_page_trace=0|0',
)
[ info ] [ PARAM ] array (
)
[ info ] [ SESSION ] INIT array (
  'id' => '',
  'var_session_id' => '',
  'prefix' => 'think',
  'type' => '',
  'auto_start' => true,
)
[ info ] [ BEHAVIOR ] Run \app\common\behavior\WebLog @module_init [ RunTime:0.004000s ]
[ info ] [ RUN ] app\admin\controller\Pub->login[ D:\wamp64\www\9d_admin\application\admin\controller\Pub.php ]
[ info ] [ VIEW ] D:\wamp64\www\9d_admin\public/../application/admin\view\pub\login.html [ array (
) ]
[ info ] [ DB ] INIT mysql
[ info ] [ BEHAVIOR ] Run \app\common\behavior\WebLog @app_end [ RunTime:0.038003s ]
[ info ] [ LOG ] INIT File
[ sql ] [ DB ] CONNECT:[ UseTime:0.010000s ] mysql:dbname=9d_admin;host=127.0.0.1;charset=utf8
[ sql ] [ SQL ] SHOW COLUMNS FROM `9d_web_log_all` [ RunTime:0.001000s ]
[ sql ] [ SQL ] INSERT INTO `9d_web_log_all` (`uid` , `ip` , `location` , `os` , `browser` , `url` , `module` , `controller` , `action` , `method` , `data` , `create_at`) VALUES (0 , '127.0.0.1' , '本机地址 本机地址  ' , 'Windows 7' , 'Chrome(60.0.3112.101)' , 'http://www.9d_admin.com/admin/pub/login.html' , 'admin' , 'Pub' , 'login' , 'GET' , 'a:0:{}' , 1503559038) [ RunTime:0.000000s ]

---------------------------------------------------------------
[ 2017-08-24T15:17:19+08:00 ] 127.0.0.1 127.0.0.1 GET /captcha.html
[ log ] www.9d_admin.com/captcha.html [运行时间：0.367021s][吞吐率：2.72req/s] [内存消耗：1,680.26kb] [文件加载：41]
[ info ] [ LANG ] D:\wamp64\www\9d_admin\thinkphp\lang\zh-cn.php
[ info ] [ ROUTE ] array (
  'type' => 'method',
  'method' => 
  array (
    0 => '\\think\\captcha\\CaptchaController',
    1 => 'index',
  ),
  'var' => 
  array (
  ),
)
[ info ] [ HEADER ] array (
  'host' => 'www.9d_admin.com',
  'connection' => 'keep-alive',
  'user-agent' => 'Mozilla/5.0 (Windows NT 6.1; Win64; x64) AppleWebKit/537.36 (KHTML, like Gecko) Chrome/60.0.3112.101 Safari/537.36',
  'accept' => 'image/webp,image/apng,image/*,*/*;q=0.8',
  'dnt' => '1',
  'referer' => 'http://www.9d_admin.com/admin/pub/login.html',
  'accept-encoding' => 'gzip, deflate',
  'accept-language' => 'zh-CN,zh;q=0.8,en-GB;q=0.6,en;q=0.4,zh-TW;q=0.2',
  'cookie' => 'PHPSESSID=7gd82dnt44d5s99t231t871aa6; thinkphp_show_page_trace=0|0',
)
[ info ] [ PARAM ] array (
  'id' => '',
)
[ info ] [ RUN ] think\captcha\CaptchaController->index[ D:\wamp64\www\9d_admin\vendor\topthink\think-captcha\src\CaptchaController.php ]
[ info ] [ SESSION ] INIT array (
  'id' => '',
  'var_session_id' => '',
  'prefix' => 'think',
  'type' => '',
  'auto_start' => true,
)
[ info ] [ LOG ] INIT File

---------------------------------------------------------------
[ 2017-08-24T15:17:30+08:00 ] 127.0.0.1 127.0.0.1 POST /admin/pub/checklogin.html
[ log ] www.9d_admin.com/admin/pub/checklogin.html [运行时间：0.281016s][吞吐率：3.56req/s] [内存消耗：7,510.70kb] [文件加载：73]
[ info ] [ LANG ] D:\wamp64\www\9d_admin\thinkphp\lang\zh-cn.php
[ info ] [ ROUTE ] array (
  'type' => 'module',
  'module' => 
  array (
    0 => 'admin',
    1 => 'pub',
    2 => 'checklogin',
  ),
)
[ info ] [ HEADER ] array (
  'host' => 'www.9d_admin.com',
  'connection' => 'keep-alive',
  'content-length' => '51',
  'accept' => 'application/json, text/javascript, */*; q=0.01',
  'origin' => 'http://www.9d_admin.com',
  'x-requested-with' => 'XMLHttpRequest',
  'user-agent' => 'Mozilla/5.0 (Windows NT 6.1; Win64; x64) AppleWebKit/537.36 (KHTML, like Gecko) Chrome/60.0.3112.101 Safari/537.36',
  'content-type' => 'application/x-www-form-urlencoded; charset=UTF-8',
  'dnt' => '1',
  'referer' => 'http://www.9d_admin.com/admin/pub/login.html',
  'accept-encoding' => 'gzip, deflate',
  'accept-language' => 'zh-CN,zh;q=0.8,en-GB;q=0.6,en;q=0.4,zh-TW;q=0.2',
  'cookie' => 'thinkphp_show_page_trace=0|5; PHPSESSID=7gd82dnt44d5s99t231t871aa6; thinkphp_show_page_trace=0|0',
)
[ info ] [ PARAM ] array (
  'account' => 'admin',
  'password' => '123456',
  'captcha' => 'wbeb',
  'online' => '1',
)
[ info ] [ SESSION ] INIT array (
  'id' => '',
  'var_session_id' => '',
  'prefix' => 'think',
  'type' => '',
  'auto_start' => true,
)
[ info ] [ BEHAVIOR ] Run \app\common\behavior\WebLog @module_init [ RunTime:0.004001s ]
[ info ] [ RUN ] app\admin\controller\Pub->checkLogin[ D:\wamp64\www\9d_admin\application\admin\controller\Pub.php ]
[ info ] [ DB ] INIT mysql
[ info ] [ CACHE ] INIT File
[ info ] [ BEHAVIOR ] Run \app\common\behavior\WebLog @app_end [ RunTime:0.002000s ]
[ info ] [ LOG ] INIT File
[ sql ] [ DB ] CONNECT:[ UseTime:0.010001s ] mysql:dbname=9d_admin;host=127.0.0.1;charset=utf8
[ sql ] [ SQL ] SHOW COLUMNS FROM `9d_admin_user` [ RunTime:0.038002s ]
[ sql ] [ SQL ] SELECT * FROM `9d_admin_user` WHERE  `account` = 'admin'  AND `status` = 1 LIMIT 1 [ RunTime:0.000000s ]
[ sql ] [ SQL ] UPDATE `9d_admin_user`  SET `last_login_time`=1503559050,`login_count`=login_count+1,`last_login_ip`='127.0.0.1'  WHERE  `id` = 1 [ RunTime:0.000000s ]
[ sql ] [ SQL ] SHOW COLUMNS FROM `9d_login_log` [ RunTime:0.012001s ]
[ sql ] [ SQL ] INSERT INTO `9d_login_log` (`uid` , `login_ip` , `login_location` , `login_browser` , `login_os`) VALUES (1 , '127.0.0.1' , '本机地址 本机地址  ' , 'Chrome(60.0.3112.101)' , 'Windows 7') [ RunTime:0.029001s ]
[ sql ] [ SQL ] SHOW COLUMNS FROM `9d_web_log_all` [ RunTime:0.001000s ]
[ sql ] [ SQL ] INSERT INTO `9d_web_log_all` (`uid` , `ip` , `location` , `os` , `browser` , `url` , `module` , `controller` , `action` , `method` , `data` , `create_at`) VALUES (0 , '127.0.0.1' , '本机地址 本机地址  ' , 'Windows 7' , 'Chrome(60.0.3112.101)' , 'http://www.9d_admin.com/admin/pub/checklogin.html' , 'admin' , 'Pub' , 'checklogin' , 'POST' , 'a:4:{s:7:\"account\";s:5:\"admin\";s:8:\"password\";s:6:\"123456\";s:7:\"captcha\";s:4:\"wbeb\";s:6:\"online\";s:1:\"1\";}' , 1503559050) [ RunTime:0.000000s ]

---------------------------------------------------------------
[ 2017-08-24T15:17:30+08:00 ] 127.0.0.1 127.0.0.1 GET /admin/index/index.html
[ log ] www.9d_admin.com/admin/index/index.html [运行时间：0.132008s][吞吐率：7.58req/s] [内存消耗：7,638.47kb] [文件加载：73]
[ info ] [ LANG ] D:\wamp64\www\9d_admin\thinkphp\lang\zh-cn.php
[ info ] [ ROUTE ] array (
  'type' => 'module',
  'module' => 
  array (
    0 => 'admin',
    1 => 'index',
    2 => 'index',
  ),
)
[ info ] [ HEADER ] array (
  'host' => 'www.9d_admin.com',
  'connection' => 'keep-alive',
  'upgrade-insecure-requests' => '1',
  'user-agent' => 'Mozilla/5.0 (Windows NT 6.1; Win64; x64) AppleWebKit/537.36 (KHTML, like Gecko) Chrome/60.0.3112.101 Safari/537.36',
  'accept' => 'text/html,application/xhtml+xml,application/xml;q=0.9,image/webp,image/apng,*/*;q=0.8',
  'dnt' => '1',
  'referer' => 'http://www.9d_admin.com/admin/pub/login.html',
  'accept-encoding' => 'gzip, deflate',
  'accept-language' => 'zh-CN,zh;q=0.8,en-GB;q=0.6,en;q=0.4,zh-TW;q=0.2',
  'cookie' => 'thinkphp_show_page_trace=0|0; PHPSESSID=7gd82dnt44d5s99t231t871aa6; thinkphp_show_page_trace=0|0',
)
[ info ] [ PARAM ] array (
)
[ info ] [ SESSION ] INIT array (
  'id' => '',
  'var_session_id' => '',
  'prefix' => 'think',
  'type' => '',
  'auto_start' => true,
)
[ info ] [ BEHAVIOR ] Run \app\common\behavior\WebLog @module_init [ RunTime:0.004000s ]
[ info ] [ RUN ] app\admin\controller\Index->index[ D:\wamp64\www\9d_admin\application\admin\controller\Index.php ]
[ info ] [ DB ] INIT mysql
[ info ] [ VIEW ] D:\wamp64\www\9d_admin\public/../application/admin\view\index\index.html [ array (
  0 => 'groups',
  1 => 'menu',
  2 => 'info',
) ]
[ info ] [ RUN ] app\admin\widget\Index->menu[ D:\wamp64\www\9d_admin\application\admin\widget\Index.php ]
[ info ] [ RUN ] app\admin\widget\Index->menu[ D:\wamp64\www\9d_admin\application\admin\widget\Index.php ]
[ info ] [ RUN ] app\admin\widget\Index->menu[ D:\wamp64\www\9d_admin\application\admin\widget\Index.php ]
[ info ] [ RUN ] app\admin\widget\Index->menu[ D:\wamp64\www\9d_admin\application\admin\widget\Index.php ]
[ info ] [ RUN ] app\admin\widget\Index->menu[ D:\wamp64\www\9d_admin\application\admin\widget\Index.php ]
[ info ] [ RUN ] app\admin\widget\Index->menu[ D:\wamp64\www\9d_admin\application\admin\widget\Index.php ]
[ info ] [ RUN ] app\admin\widget\Index->menu[ D:\wamp64\www\9d_admin\application\admin\widget\Index.php ]
[ info ] [ RUN ] app\admin\widget\Index->menu[ D:\wamp64\www\9d_admin\application\admin\widget\Index.php ]
[ info ] [ RUN ] app\admin\widget\Index->menu[ D:\wamp64\www\9d_admin\application\admin\widget\Index.php ]
[ info ] [ RUN ] app\admin\widget\Index->menu[ D:\wamp64\www\9d_admin\application\admin\widget\Index.php ]
[ info ] [ RUN ] app\admin\widget\Index->menu[ D:\wamp64\www\9d_admin\application\admin\widget\Index.php ]
[ info ] [ RUN ] app\admin\widget\Index->menu[ D:\wamp64\www\9d_admin\application\admin\widget\Index.php ]
[ info ] [ RUN ] app\admin\widget\Index->menu[ D:\wamp64\www\9d_admin\application\admin\widget\Index.php ]
[ info ] [ RUN ] app\admin\widget\Index->menu[ D:\wamp64\www\9d_admin\application\admin\widget\Index.php ]
[ info ] [ RUN ] app\admin\widget\Index->menu[ D:\wamp64\www\9d_admin\application\admin\widget\Index.php ]
[ info ] [ RUN ] app\admin\widget\Index->menu[ D:\wamp64\www\9d_admin\application\admin\widget\Index.php ]
[ info ] [ RUN ] app\admin\widget\Index->menu[ D:\wamp64\www\9d_admin\application\admin\widget\Index.php ]
[ info ] [ RUN ] app\admin\widget\Index->menu[ D:\wamp64\www\9d_admin\application\admin\widget\Index.php ]
[ info ] [ RUN ] app\admin\widget\Index->menu[ D:\wamp64\www\9d_admin\application\admin\widget\Index.php ]
[ info ] [ RUN ] app\admin\widget\Index->menu[ D:\wamp64\www\9d_admin\application\admin\widget\Index.php ]
[ info ] [ RUN ] app\admin\widget\Index->menu[ D:\wamp64\www\9d_admin\application\admin\widget\Index.php ]
[ info ] [ RUN ] app\admin\widget\Index->menu[ D:\wamp64\www\9d_admin\application\admin\widget\Index.php ]
[ info ] [ RUN ] app\admin\widget\Index->menu[ D:\wamp64\www\9d_admin\application\admin\widget\Index.php ]
[ info ] [ RUN ] app\admin\widget\Index->menu[ D:\wamp64\www\9d_admin\application\admin\widget\Index.php ]
[ info ] [ RUN ] app\admin\widget\Index->menu[ D:\wamp64\www\9d_admin\application\admin\widget\Index.php ]
[ info ] [ RUN ] app\admin\widget\Index->menu[ D:\wamp64\www\9d_admin\application\admin\widget\Index.php ]
[ info ] [ RUN ] app\admin\widget\Index->menu[ D:\wamp64\www\9d_admin\application\admin\widget\Index.php ]
[ info ] [ RUN ] app\admin\widget\Index->menu[ D:\wamp64\www\9d_admin\application\admin\widget\Index.php ]
[ info ] [ RUN ] app\admin\widget\Index->menu[ D:\wamp64\www\9d_admin\application\admin\widget\Index.php ]
[ info ] [ RUN ] app\admin\widget\Index->menu[ D:\wamp64\www\9d_admin\application\admin\widget\Index.php ]
[ info ] [ RUN ] app\admin\widget\Index->menu[ D:\wamp64\www\9d_admin\application\admin\widget\Index.php ]
[ info ] [ RUN ] app\admin\widget\Index->menu[ D:\wamp64\www\9d_admin\application\admin\widget\Index.php ]
[ info ] [ RUN ] app\admin\widget\Index->menu[ D:\wamp64\www\9d_admin\application\admin\widget\Index.php ]
[ info ] [ RUN ] app\admin\widget\Index->menu[ D:\wamp64\www\9d_admin\application\admin\widget\Index.php ]
[ info ] [ RUN ] app\admin\widget\Index->menu[ D:\wamp64\www\9d_admin\application\admin\widget\Index.php ]
[ info ] [ RUN ] app\admin\widget\Index->menu[ D:\wamp64\www\9d_admin\application\admin\widget\Index.php ]
[ info ] [ RUN ] app\admin\widget\Index->menu[ D:\wamp64\www\9d_admin\application\admin\widget\Index.php ]
[ info ] [ RUN ] app\admin\widget\Index->menu[ D:\wamp64\www\9d_admin\application\admin\widget\Index.php ]
[ info ] [ RUN ] app\admin\widget\Index->menu[ D:\wamp64\www\9d_admin\application\admin\widget\Index.php ]
[ info ] [ RUN ] app\admin\widget\Index->menu[ D:\wamp64\www\9d_admin\application\admin\widget\Index.php ]
[ info ] [ RUN ] app\admin\widget\Index->menu[ D:\wamp64\www\9d_admin\application\admin\widget\Index.php ]
[ info ] [ RUN ] app\admin\widget\Index->menu[ D:\wamp64\www\9d_admin\application\admin\widget\Index.php ]
[ info ] [ RUN ] app\admin\widget\Index->menu[ D:\wamp64\www\9d_admin\application\admin\widget\Index.php ]
[ info ] [ RUN ] app\admin\widget\Index->menu[ D:\wamp64\www\9d_admin\application\admin\widget\Index.php ]
[ info ] [ RUN ] app\admin\widget\Index->menu[ D:\wamp64\www\9d_admin\application\admin\widget\Index.php ]
[ info ] [ RUN ] app\admin\widget\Index->menu[ D:\wamp64\www\9d_admin\application\admin\widget\Index.php ]
[ info ] [ RUN ] app\admin\widget\Index->menu[ D:\wamp64\www\9d_admin\application\admin\widget\Index.php ]
[ info ] [ RUN ] app\admin\widget\Index->menu[ D:\wamp64\www\9d_admin\application\admin\widget\Index.php ]
[ info ] [ RUN ] app\admin\widget\Index->menu[ D:\wamp64\www\9d_admin\application\admin\widget\Index.php ]
[ info ] [ RUN ] app\admin\widget\Index->menu[ D:\wamp64\www\9d_admin\application\admin\widget\Index.php ]
[ info ] [ RUN ] app\admin\widget\Index->menu[ D:\wamp64\www\9d_admin\application\admin\widget\Index.php ]
[ info ] [ RUN ] app\admin\widget\Index->menu[ D:\wamp64\www\9d_admin\application\admin\widget\Index.php ]
[ info ] [ RUN ] app\admin\widget\Index->menu[ D:\wamp64\www\9d_admin\application\admin\widget\Index.php ]
[ info ] [ BEHAVIOR ] Run \app\common\behavior\WebLog @app_end [ RunTime:0.002000s ]
[ info ] [ LOG ] INIT File
[ sql ] [ DB ] CONNECT:[ UseTime:0.000000s ] mysql:dbname=9d_admin;host=127.0.0.1;charset=utf8
[ sql ] [ SQL ] SHOW COLUMNS FROM `9d_admin_node` [ RunTime:0.012000s ]
[ sql ] [ SQL ] SELECT `id`,`pid`,`name`,`group_id`,`title`,`type` FROM `9d_admin_node` WHERE  (  status=1 AND group_id > 0 ) [ RunTime:0.007001s ]
[ sql ] [ SQL ] SHOW COLUMNS FROM `9d_admin_group` [ RunTime:0.011000s ]
[ sql ] [ SQL ] SELECT `id`,`name`,`icon` FROM `9d_admin_group` WHERE  `id` IN (1,2,5,3,4,8,9)  AND `status` = 1 ORDER BY sort asc,id asc [ RunTime:0.001000s ]
[ sql ] [ SQL ] SHOW COLUMNS FROM `9d_admin_user` [ RunTime:0.000000s ]
[ sql ] [ SQL ] SELECT * FROM `9d_admin_user` WHERE  `id` = 1 LIMIT 1 [ RunTime:0.000000s ]
[ sql ] [ SQL ] SHOW COLUMNS FROM `9d_web_log_all` [ RunTime:0.001000s ]
[ sql ] [ SQL ] INSERT INTO `9d_web_log_all` (`uid` , `ip` , `location` , `os` , `browser` , `url` , `module` , `controller` , `action` , `method` , `data` , `create_at`) VALUES (1 , '127.0.0.1' , '本机地址 本机地址  ' , 'Windows 7' , 'Chrome(60.0.3112.101)' , 'http://www.9d_admin.com/admin/index/index.html' , 'admin' , 'Index' , 'index' , 'GET' , 'a:0:{}' , 1503559050) [ RunTime:0.001000s ]

---------------------------------------------------------------
[ 2017-08-24T15:17:31+08:00 ] 127.0.0.1 127.0.0.1 GET /admin/index/welcome.html
[ log ] www.9d_admin.com/admin/index/welcome.html [运行时间：0.073004s][吞吐率：13.70req/s] [内存消耗：7,474.16kb] [文件加载：71]
[ info ] [ LANG ] D:\wamp64\www\9d_admin\thinkphp\lang\zh-cn.php
[ info ] [ ROUTE ] array (
  'type' => 'module',
  'module' => 
  array (
    0 => 'admin',
    1 => 'index',
    2 => 'welcome',
  ),
)
[ info ] [ HEADER ] array (
  'host' => 'www.9d_admin.com',
  'connection' => 'keep-alive',
  'upgrade-insecure-requests' => '1',
  'user-agent' => 'Mozilla/5.0 (Windows NT 6.1; Win64; x64) AppleWebKit/537.36 (KHTML, like Gecko) Chrome/60.0.3112.101 Safari/537.36',
  'accept' => 'text/html,application/xhtml+xml,application/xml;q=0.9,image/webp,image/apng,*/*;q=0.8',
  'dnt' => '1',
  'referer' => 'http://www.9d_admin.com/admin/index/index.html',
  'accept-encoding' => 'gzip, deflate',
  'accept-language' => 'zh-CN,zh;q=0.8,en-GB;q=0.6,en;q=0.4,zh-TW;q=0.2',
  'cookie' => 'thinkphp_show_page_trace=0|0; PHPSESSID=7gd82dnt44d5s99t231t871aa6; thinkphp_show_page_trace=0|0',
)
[ info ] [ PARAM ] array (
)
[ info ] [ SESSION ] INIT array (
  'id' => '',
  'var_session_id' => '',
  'prefix' => 'think',
  'type' => '',
  'auto_start' => true,
)
[ info ] [ BEHAVIOR ] Run \app\common\behavior\WebLog @module_init [ RunTime:0.004000s ]
[ info ] [ RUN ] app\admin\controller\Index->welcome[ D:\wamp64\www\9d_admin\application\admin\controller\Index.php ]
[ info ] [ DB ] INIT mysql
[ info ] [ VIEW ] D:\wamp64\www\9d_admin\public/../application/admin\view\index\welcome.html [ array (
  0 => 'last_login_ip',
  1 => 'last_login_loc',
  2 => 'current_login_ip',
  3 => 'current_login_loc',
  4 => 'info',
) ]
[ info ] [ BEHAVIOR ] Run \app\common\behavior\WebLog @app_end [ RunTime:0.002000s ]
[ info ] [ LOG ] INIT File
[ sql ] [ DB ] CONNECT:[ UseTime:0.010000s ] mysql:dbname=9d_admin;host=127.0.0.1;charset=utf8
[ sql ] [ SQL ] SHOW COLUMNS FROM `9d_admin_user` [ RunTime:0.000000s ]
[ sql ] [ SQL ] SELECT * FROM `9d_admin_user` WHERE  `id` = 1 LIMIT 1 [ RunTime:0.000000s ]
[ sql ] [ SQL ] SHOW COLUMNS FROM `9d_web_log_all` [ RunTime:0.001000s ]
[ sql ] [ SQL ] INSERT INTO `9d_web_log_all` (`uid` , `ip` , `location` , `os` , `browser` , `url` , `module` , `controller` , `action` , `method` , `data` , `create_at`) VALUES (1 , '127.0.0.1' , '本机地址 本机地址  ' , 'Windows 7' , 'Chrome(60.0.3112.101)' , 'http://www.9d_admin.com/admin/index/welcome.html' , 'admin' , 'Index' , 'welcome' , 'GET' , 'a:0:{}' , 1503559051) [ RunTime:0.001000s ]

---------------------------------------------------------------
[ 2017-08-24T15:21:35+08:00 ] 127.0.0.1 127.0.0.1 GET /admin/pub/login.html
[ log ] www.9d_admin.com/admin/pub/login.html [运行时间：0.046003s][吞吐率：21.74req/s] [内存消耗：7,373.13kb] [文件加载：69]
[ info ] [ LANG ] D:\wamp64\www\9d_admin\thinkphp\lang\zh-cn.php
[ info ] [ ROUTE ] array (
  'type' => 'module',
  'module' => 
  array (
    0 => 'admin',
    1 => 'pub',
    2 => 'login',
  ),
)
[ info ] [ HEADER ] array (
  'host' => 'www.9d_admin.com',
  'connection' => 'keep-alive',
  'upgrade-insecure-requests' => '1',
  'user-agent' => 'Mozilla/5.0 (Windows NT 6.1; Win64; x64) AppleWebKit/537.36 (KHTML, like Gecko) Chrome/60.0.3112.101 Safari/537.36',
  'accept' => 'text/html,application/xhtml+xml,application/xml;q=0.9,image/webp,image/apng,*/*;q=0.8',
  'dnt' => '1',
  'accept-encoding' => 'gzip, deflate',
  'accept-language' => 'zh-CN,zh;q=0.8,en-GB;q=0.6,en;q=0.4,zh-TW;q=0.2',
  'cookie' => 'thinkphp_show_page_trace=0|5; PHPSESSID=7gd82dnt44d5s99t231t871aa6; thinkphp_show_page_trace=0|0',
)
[ info ] [ PARAM ] array (
)
[ info ] [ SESSION ] INIT array (
  'id' => '',
  'var_session_id' => '',
  'prefix' => 'think',
  'type' => '',
  'auto_start' => true,
)
[ info ] [ BEHAVIOR ] Run \app\common\behavior\WebLog @module_init [ RunTime:0.004001s ]
[ info ] [ RUN ] app\admin\controller\Pub->login[ D:\wamp64\www\9d_admin\application\admin\controller\Pub.php ]
[ info ] [ DB ] INIT mysql
[ info ] [ BEHAVIOR ] Run \app\common\behavior\WebLog @app_end [ RunTime:0.018001s ]
[ info ] [ LOG ] INIT File
[ sql ] [ DB ] CONNECT:[ UseTime:0.010001s ] mysql:dbname=9d_admin;host=127.0.0.1;charset=utf8
[ sql ] [ SQL ] SHOW COLUMNS FROM `9d_web_log_all` [ RunTime:0.001000s ]
[ sql ] [ SQL ] INSERT INTO `9d_web_log_all` (`uid` , `ip` , `location` , `os` , `browser` , `url` , `module` , `controller` , `action` , `method` , `data` , `create_at`) VALUES (1 , '127.0.0.1' , '本机地址 本机地址  ' , 'Windows 7' , 'Chrome(60.0.3112.101)' , 'http://www.9d_admin.com/admin/pub/login.html' , 'admin' , 'Pub' , 'login' , 'GET' , 'a:0:{}' , 1503559295) [ RunTime:0.000000s ]

---------------------------------------------------------------
[ 2017-08-24T15:21:35+08:00 ] 127.0.0.1 127.0.0.1 GET /admin/index/index.html
[ log ] www.9d_admin.com/admin/index/index.html [运行时间：0.057004s][吞吐率：17.54req/s] [内存消耗：7,638.23kb] [文件加载：73]
[ info ] [ LANG ] D:\wamp64\www\9d_admin\thinkphp\lang\zh-cn.php
[ info ] [ ROUTE ] array (
  'type' => 'module',
  'module' => 
  array (
    0 => 'admin',
    1 => 'index',
    2 => 'index',
  ),
)
[ info ] [ HEADER ] array (
  'host' => 'www.9d_admin.com',
  'connection' => 'keep-alive',
  'upgrade-insecure-requests' => '1',
  'user-agent' => 'Mozilla/5.0 (Windows NT 6.1; Win64; x64) AppleWebKit/537.36 (KHTML, like Gecko) Chrome/60.0.3112.101 Safari/537.36',
  'accept' => 'text/html,application/xhtml+xml,application/xml;q=0.9,image/webp,image/apng,*/*;q=0.8',
  'dnt' => '1',
  'accept-encoding' => 'gzip, deflate',
  'accept-language' => 'zh-CN,zh;q=0.8,en-GB;q=0.6,en;q=0.4,zh-TW;q=0.2',
  'cookie' => 'thinkphp_show_page_trace=0|0; PHPSESSID=7gd82dnt44d5s99t231t871aa6; thinkphp_show_page_trace=0|0',
)
[ info ] [ PARAM ] array (
)
[ info ] [ SESSION ] INIT array (
  'id' => '',
  'var_session_id' => '',
  'prefix' => 'think',
  'type' => '',
  'auto_start' => true,
)
[ info ] [ BEHAVIOR ] Run \app\common\behavior\WebLog @module_init [ RunTime:0.003000s ]
[ info ] [ RUN ] app\admin\controller\Index->index[ D:\wamp64\www\9d_admin\application\admin\controller\Index.php ]
[ info ] [ DB ] INIT mysql
[ info ] [ VIEW ] D:\wamp64\www\9d_admin\public/../application/admin\view\index\index.html [ array (
  0 => 'groups',
  1 => 'menu',
  2 => 'info',
) ]
[ info ] [ RUN ] app\admin\widget\Index->menu[ D:\wamp64\www\9d_admin\application\admin\widget\Index.php ]
[ info ] [ RUN ] app\admin\widget\Index->menu[ D:\wamp64\www\9d_admin\application\admin\widget\Index.php ]
[ info ] [ RUN ] app\admin\widget\Index->menu[ D:\wamp64\www\9d_admin\application\admin\widget\Index.php ]
[ info ] [ RUN ] app\admin\widget\Index->menu[ D:\wamp64\www\9d_admin\application\admin\widget\Index.php ]
[ info ] [ RUN ] app\admin\widget\Index->menu[ D:\wamp64\www\9d_admin\application\admin\widget\Index.php ]
[ info ] [ RUN ] app\admin\widget\Index->menu[ D:\wamp64\www\9d_admin\application\admin\widget\Index.php ]
[ info ] [ RUN ] app\admin\widget\Index->menu[ D:\wamp64\www\9d_admin\application\admin\widget\Index.php ]
[ info ] [ RUN ] app\admin\widget\Index->menu[ D:\wamp64\www\9d_admin\application\admin\widget\Index.php ]
[ info ] [ RUN ] app\admin\widget\Index->menu[ D:\wamp64\www\9d_admin\application\admin\widget\Index.php ]
[ info ] [ RUN ] app\admin\widget\Index->menu[ D:\wamp64\www\9d_admin\application\admin\widget\Index.php ]
[ info ] [ RUN ] app\admin\widget\Index->menu[ D:\wamp64\www\9d_admin\application\admin\widget\Index.php ]
[ info ] [ RUN ] app\admin\widget\Index->menu[ D:\wamp64\www\9d_admin\application\admin\widget\Index.php ]
[ info ] [ RUN ] app\admin\widget\Index->menu[ D:\wamp64\www\9d_admin\application\admin\widget\Index.php ]
[ info ] [ RUN ] app\admin\widget\Index->menu[ D:\wamp64\www\9d_admin\application\admin\widget\Index.php ]
[ info ] [ RUN ] app\admin\widget\Index->menu[ D:\wamp64\www\9d_admin\application\admin\widget\Index.php ]
[ info ] [ RUN ] app\admin\widget\Index->menu[ D:\wamp64\www\9d_admin\application\admin\widget\Index.php ]
[ info ] [ RUN ] app\admin\widget\Index->menu[ D:\wamp64\www\9d_admin\application\admin\widget\Index.php ]
[ info ] [ RUN ] app\admin\widget\Index->menu[ D:\wamp64\www\9d_admin\application\admin\widget\Index.php ]
[ info ] [ RUN ] app\admin\widget\Index->menu[ D:\wamp64\www\9d_admin\application\admin\widget\Index.php ]
[ info ] [ RUN ] app\admin\widget\Index->menu[ D:\wamp64\www\9d_admin\application\admin\widget\Index.php ]
[ info ] [ RUN ] app\admin\widget\Index->menu[ D:\wamp64\www\9d_admin\application\admin\widget\Index.php ]
[ info ] [ RUN ] app\admin\widget\Index->menu[ D:\wamp64\www\9d_admin\application\admin\widget\Index.php ]
[ info ] [ RUN ] app\admin\widget\Index->menu[ D:\wamp64\www\9d_admin\application\admin\widget\Index.php ]
[ info ] [ RUN ] app\admin\widget\Index->menu[ D:\wamp64\www\9d_admin\application\admin\widget\Index.php ]
[ info ] [ RUN ] app\admin\widget\Index->menu[ D:\wamp64\www\9d_admin\application\admin\widget\Index.php ]
[ info ] [ RUN ] app\admin\widget\Index->menu[ D:\wamp64\www\9d_admin\application\admin\widget\Index.php ]
[ info ] [ RUN ] app\admin\widget\Index->menu[ D:\wamp64\www\9d_admin\application\admin\widget\Index.php ]
[ info ] [ RUN ] app\admin\widget\Index->menu[ D:\wamp64\www\9d_admin\application\admin\widget\Index.php ]
[ info ] [ RUN ] app\admin\widget\Index->menu[ D:\wamp64\www\9d_admin\application\admin\widget\Index.php ]
[ info ] [ RUN ] app\admin\widget\Index->menu[ D:\wamp64\www\9d_admin\application\admin\widget\Index.php ]
[ info ] [ RUN ] app\admin\widget\Index->menu[ D:\wamp64\www\9d_admin\application\admin\widget\Index.php ]
[ info ] [ RUN ] app\admin\widget\Index->menu[ D:\wamp64\www\9d_admin\application\admin\widget\Index.php ]
[ info ] [ RUN ] app\admin\widget\Index->menu[ D:\wamp64\www\9d_admin\application\admin\widget\Index.php ]
[ info ] [ RUN ] app\admin\widget\Index->menu[ D:\wamp64\www\9d_admin\application\admin\widget\Index.php ]
[ info ] [ RUN ] app\admin\widget\Index->menu[ D:\wamp64\www\9d_admin\application\admin\widget\Index.php ]
[ info ] [ RUN ] app\admin\widget\Index->menu[ D:\wamp64\www\9d_admin\application\admin\widget\Index.php ]
[ info ] [ RUN ] app\admin\widget\Index->menu[ D:\wamp64\www\9d_admin\application\admin\widget\Index.php ]
[ info ] [ RUN ] app\admin\widget\Index->menu[ D:\wamp64\www\9d_admin\application\admin\widget\Index.php ]
[ info ] [ RUN ] app\admin\widget\Index->menu[ D:\wamp64\www\9d_admin\application\admin\widget\Index.php ]
[ info ] [ RUN ] app\admin\widget\Index->menu[ D:\wamp64\www\9d_admin\application\admin\widget\Index.php ]
[ info ] [ RUN ] app\admin\widget\Index->menu[ D:\wamp64\www\9d_admin\application\admin\widget\Index.php ]
[ info ] [ RUN ] app\admin\widget\Index->menu[ D:\wamp64\www\9d_admin\application\admin\widget\Index.php ]
[ info ] [ RUN ] app\admin\widget\Index->menu[ D:\wamp64\www\9d_admin\application\admin\widget\Index.php ]
[ info ] [ RUN ] app\admin\widget\Index->menu[ D:\wamp64\www\9d_admin\application\admin\widget\Index.php ]
[ info ] [ RUN ] app\admin\widget\Index->menu[ D:\wamp64\www\9d_admin\application\admin\widget\Index.php ]
[ info ] [ RUN ] app\admin\widget\Index->menu[ D:\wamp64\www\9d_admin\application\admin\widget\Index.php ]
[ info ] [ RUN ] app\admin\widget\Index->menu[ D:\wamp64\www\9d_admin\application\admin\widget\Index.php ]
[ info ] [ RUN ] app\admin\widget\Index->menu[ D:\wamp64\www\9d_admin\application\admin\widget\Index.php ]
[ info ] [ RUN ] app\admin\widget\Index->menu[ D:\wamp64\www\9d_admin\application\admin\widget\Index.php ]
[ info ] [ RUN ] app\admin\widget\Index->menu[ D:\wamp64\www\9d_admin\application\admin\widget\Index.php ]
[ info ] [ RUN ] app\admin\widget\Index->menu[ D:\wamp64\www\9d_admin\application\admin\widget\Index.php ]
[ info ] [ RUN ] app\admin\widget\Index->menu[ D:\wamp64\www\9d_admin\application\admin\widget\Index.php ]
[ info ] [ RUN ] app\admin\widget\Index->menu[ D:\wamp64\www\9d_admin\application\admin\widget\Index.php ]
[ info ] [ BEHAVIOR ] Run \app\common\behavior\WebLog @app_end [ RunTime:0.002000s ]
[ info ] [ LOG ] INIT File
[ sql ] [ DB ] CONNECT:[ UseTime:0.001000s ] mysql:dbname=9d_admin;host=127.0.0.1;charset=utf8
[ sql ] [ SQL ] SHOW COLUMNS FROM `9d_admin_node` [ RunTime:0.001000s ]
[ sql ] [ SQL ] SELECT `id`,`pid`,`name`,`group_id`,`title`,`type` FROM `9d_admin_node` WHERE  (  status=1 AND group_id > 0 ) [ RunTime:0.000000s ]
[ sql ] [ SQL ] SHOW COLUMNS FROM `9d_admin_group` [ RunTime:0.000000s ]
[ sql ] [ SQL ] SELECT `id`,`name`,`icon` FROM `9d_admin_group` WHERE  `id` IN (1,2,5,3,4,8,9)  AND `status` = 1 ORDER BY sort asc,id asc [ RunTime:0.000000s ]
[ sql ] [ SQL ] SHOW COLUMNS FROM `9d_admin_user` [ RunTime:0.001000s ]
[ sql ] [ SQL ] SELECT * FROM `9d_admin_user` WHERE  `id` = 1 LIMIT 1 [ RunTime:0.000000s ]
[ sql ] [ SQL ] SHOW COLUMNS FROM `9d_web_log_all` [ RunTime:0.001000s ]
[ sql ] [ SQL ] INSERT INTO `9d_web_log_all` (`uid` , `ip` , `location` , `os` , `browser` , `url` , `module` , `controller` , `action` , `method` , `data` , `create_at`) VALUES (1 , '127.0.0.1' , '本机地址 本机地址  ' , 'Windows 7' , 'Chrome(60.0.3112.101)' , 'http://www.9d_admin.com/admin/index/index.html' , 'admin' , 'Index' , 'index' , 'GET' , 'a:0:{}' , 1503559295) [ RunTime:0.000000s ]

---------------------------------------------------------------
[ 2017-08-24T15:21:36+08:00 ] 127.0.0.1 127.0.0.1 GET /admin/index/welcome.html
[ log ] www.9d_admin.com/admin/index/welcome.html [运行时间：0.052003s][吞吐率：19.23req/s] [内存消耗：7,474.16kb] [文件加载：71]
[ info ] [ LANG ] D:\wamp64\www\9d_admin\thinkphp\lang\zh-cn.php
[ info ] [ ROUTE ] array (
  'type' => 'module',
  'module' => 
  array (
    0 => 'admin',
    1 => 'index',
    2 => 'welcome',
  ),
)
[ info ] [ HEADER ] array (
  'host' => 'www.9d_admin.com',
  'connection' => 'keep-alive',
  'upgrade-insecure-requests' => '1',
  'user-agent' => 'Mozilla/5.0 (Windows NT 6.1; Win64; x64) AppleWebKit/537.36 (KHTML, like Gecko) Chrome/60.0.3112.101 Safari/537.36',
  'accept' => 'text/html,application/xhtml+xml,application/xml;q=0.9,image/webp,image/apng,*/*;q=0.8',
  'dnt' => '1',
  'referer' => 'http://www.9d_admin.com/admin/index/index.html',
  'accept-encoding' => 'gzip, deflate',
  'accept-language' => 'zh-CN,zh;q=0.8,en-GB;q=0.6,en;q=0.4,zh-TW;q=0.2',
  'cookie' => 'thinkphp_show_page_trace=0|0; PHPSESSID=7gd82dnt44d5s99t231t871aa6; thinkphp_show_page_trace=0|0',
)
[ info ] [ PARAM ] array (
)
[ info ] [ SESSION ] INIT array (
  'id' => '',
  'var_session_id' => '',
  'prefix' => 'think',
  'type' => '',
  'auto_start' => true,
)
[ info ] [ BEHAVIOR ] Run \app\common\behavior\WebLog @module_init [ RunTime:0.004000s ]
[ info ] [ RUN ] app\admin\controller\Index->welcome[ D:\wamp64\www\9d_admin\application\admin\controller\Index.php ]
[ info ] [ DB ] INIT mysql
[ info ] [ VIEW ] D:\wamp64\www\9d_admin\public/../application/admin\view\index\welcome.html [ array (
  0 => 'last_login_ip',
  1 => 'last_login_loc',
  2 => 'current_login_ip',
  3 => 'current_login_loc',
  4 => 'info',
) ]
[ info ] [ BEHAVIOR ] Run \app\common\behavior\WebLog @app_end [ RunTime:0.002001s ]
[ info ] [ LOG ] INIT File
[ sql ] [ DB ] CONNECT:[ UseTime:0.011000s ] mysql:dbname=9d_admin;host=127.0.0.1;charset=utf8
[ sql ] [ SQL ] SHOW COLUMNS FROM `9d_admin_user` [ RunTime:0.000000s ]
[ sql ] [ SQL ] SELECT * FROM `9d_admin_user` WHERE  `id` = 1 LIMIT 1 [ RunTime:0.000000s ]
[ sql ] [ SQL ] SHOW COLUMNS FROM `9d_web_log_all` [ RunTime:0.001001s ]
[ sql ] [ SQL ] INSERT INTO `9d_web_log_all` (`uid` , `ip` , `location` , `os` , `browser` , `url` , `module` , `controller` , `action` , `method` , `data` , `create_at`) VALUES (1 , '127.0.0.1' , '本机地址 本机地址  ' , 'Windows 7' , 'Chrome(60.0.3112.101)' , 'http://www.9d_admin.com/admin/index/welcome.html' , 'admin' , 'Index' , 'welcome' , 'GET' , 'a:0:{}' , 1503559296) [ RunTime:0.000000s ]

---------------------------------------------------------------
[ 2017-08-24T15:21:37+08:00 ] 127.0.0.1 127.0.0.1 GET /admin/index/index.html
[ log ] www.9d_admin.com/admin/index/index.html [运行时间：0.067004s][吞吐率：14.92req/s] [内存消耗：7,638.47kb] [文件加载：73]
[ info ] [ LANG ] D:\wamp64\www\9d_admin\thinkphp\lang\zh-cn.php
[ info ] [ ROUTE ] array (
  'type' => 'module',
  'module' => 
  array (
    0 => 'admin',
    1 => 'index',
    2 => 'index',
  ),
)
[ info ] [ HEADER ] array (
  'host' => 'www.9d_admin.com',
  'connection' => 'keep-alive',
  'upgrade-insecure-requests' => '1',
  'user-agent' => 'Mozilla/5.0 (Windows NT 6.1; Win64; x64) AppleWebKit/537.36 (KHTML, like Gecko) Chrome/60.0.3112.101 Safari/537.36',
  'accept' => 'text/html,application/xhtml+xml,application/xml;q=0.9,image/webp,image/apng,*/*;q=0.8',
  'dnt' => '1',
  'referer' => 'http://www.9d_admin.com/admin/pub/login.html',
  'accept-encoding' => 'gzip, deflate',
  'accept-language' => 'zh-CN,zh;q=0.8,en-GB;q=0.6,en;q=0.4,zh-TW;q=0.2',
  'cookie' => 'thinkphp_show_page_trace=0|0; PHPSESSID=7gd82dnt44d5s99t231t871aa6; thinkphp_show_page_trace=0|0',
)
[ info ] [ PARAM ] array (
)
[ info ] [ SESSION ] INIT array (
  'id' => '',
  'var_session_id' => '',
  'prefix' => 'think',
  'type' => '',
  'auto_start' => true,
)
[ info ] [ BEHAVIOR ] Run \app\common\behavior\WebLog @module_init [ RunTime:0.004000s ]
[ info ] [ RUN ] app\admin\controller\Index->index[ D:\wamp64\www\9d_admin\application\admin\controller\Index.php ]
[ info ] [ DB ] INIT mysql
[ info ] [ VIEW ] D:\wamp64\www\9d_admin\public/../application/admin\view\index\index.html [ array (
  0 => 'groups',
  1 => 'menu',
  2 => 'info',
) ]
[ info ] [ RUN ] app\admin\widget\Index->menu[ D:\wamp64\www\9d_admin\application\admin\widget\Index.php ]
[ info ] [ RUN ] app\admin\widget\Index->menu[ D:\wamp64\www\9d_admin\application\admin\widget\Index.php ]
[ info ] [ RUN ] app\admin\widget\Index->menu[ D:\wamp64\www\9d_admin\application\admin\widget\Index.php ]
[ info ] [ RUN ] app\admin\widget\Index->menu[ D:\wamp64\www\9d_admin\application\admin\widget\Index.php ]
[ info ] [ RUN ] app\admin\widget\Index->menu[ D:\wamp64\www\9d_admin\application\admin\widget\Index.php ]
[ info ] [ RUN ] app\admin\widget\Index->menu[ D:\wamp64\www\9d_admin\application\admin\widget\Index.php ]
[ info ] [ RUN ] app\admin\widget\Index->menu[ D:\wamp64\www\9d_admin\application\admin\widget\Index.php ]
[ info ] [ RUN ] app\admin\widget\Index->menu[ D:\wamp64\www\9d_admin\application\admin\widget\Index.php ]
[ info ] [ RUN ] app\admin\widget\Index->menu[ D:\wamp64\www\9d_admin\application\admin\widget\Index.php ]
[ info ] [ RUN ] app\admin\widget\Index->menu[ D:\wamp64\www\9d_admin\application\admin\widget\Index.php ]
[ info ] [ RUN ] app\admin\widget\Index->menu[ D:\wamp64\www\9d_admin\application\admin\widget\Index.php ]
[ info ] [ RUN ] app\admin\widget\Index->menu[ D:\wamp64\www\9d_admin\application\admin\widget\Index.php ]
[ info ] [ RUN ] app\admin\widget\Index->menu[ D:\wamp64\www\9d_admin\application\admin\widget\Index.php ]
[ info ] [ RUN ] app\admin\widget\Index->menu[ D:\wamp64\www\9d_admin\application\admin\widget\Index.php ]
[ info ] [ RUN ] app\admin\widget\Index->menu[ D:\wamp64\www\9d_admin\application\admin\widget\Index.php ]
[ info ] [ RUN ] app\admin\widget\Index->menu[ D:\wamp64\www\9d_admin\application\admin\widget\Index.php ]
[ info ] [ RUN ] app\admin\widget\Index->menu[ D:\wamp64\www\9d_admin\application\admin\widget\Index.php ]
[ info ] [ RUN ] app\admin\widget\Index->menu[ D:\wamp64\www\9d_admin\application\admin\widget\Index.php ]
[ info ] [ RUN ] app\admin\widget\Index->menu[ D:\wamp64\www\9d_admin\application\admin\widget\Index.php ]
[ info ] [ RUN ] app\admin\widget\Index->menu[ D:\wamp64\www\9d_admin\application\admin\widget\Index.php ]
[ info ] [ RUN ] app\admin\widget\Index->menu[ D:\wamp64\www\9d_admin\application\admin\widget\Index.php ]
[ info ] [ RUN ] app\admin\widget\Index->menu[ D:\wamp64\www\9d_admin\application\admin\widget\Index.php ]
[ info ] [ RUN ] app\admin\widget\Index->menu[ D:\wamp64\www\9d_admin\application\admin\widget\Index.php ]
[ info ] [ RUN ] app\admin\widget\Index->menu[ D:\wamp64\www\9d_admin\application\admin\widget\Index.php ]
[ info ] [ RUN ] app\admin\widget\Index->menu[ D:\wamp64\www\9d_admin\application\admin\widget\Index.php ]
[ info ] [ RUN ] app\admin\widget\Index->menu[ D:\wamp64\www\9d_admin\application\admin\widget\Index.php ]
[ info ] [ RUN ] app\admin\widget\Index->menu[ D:\wamp64\www\9d_admin\application\admin\widget\Index.php ]
[ info ] [ RUN ] app\admin\widget\Index->menu[ D:\wamp64\www\9d_admin\application\admin\widget\Index.php ]
[ info ] [ RUN ] app\admin\widget\Index->menu[ D:\wamp64\www\9d_admin\application\admin\widget\Index.php ]
[ info ] [ RUN ] app\admin\widget\Index->menu[ D:\wamp64\www\9d_admin\application\admin\widget\Index.php ]
[ info ] [ RUN ] app\admin\widget\Index->menu[ D:\wamp64\www\9d_admin\application\admin\widget\Index.php ]
[ info ] [ RUN ] app\admin\widget\Index->menu[ D:\wamp64\www\9d_admin\application\admin\widget\Index.php ]
[ info ] [ RUN ] app\admin\widget\Index->menu[ D:\wamp64\www\9d_admin\application\admin\widget\Index.php ]
[ info ] [ RUN ] app\admin\widget\Index->menu[ D:\wamp64\www\9d_admin\application\admin\widget\Index.php ]
[ info ] [ RUN ] app\admin\widget\Index->menu[ D:\wamp64\www\9d_admin\application\admin\widget\Index.php ]
[ info ] [ RUN ] app\admin\widget\Index->menu[ D:\wamp64\www\9d_admin\application\admin\widget\Index.php ]
[ info ] [ RUN ] app\admin\widget\Index->menu[ D:\wamp64\www\9d_admin\application\admin\widget\Index.php ]
[ info ] [ RUN ] app\admin\widget\Index->menu[ D:\wamp64\www\9d_admin\application\admin\widget\Index.php ]
[ info ] [ RUN ] app\admin\widget\Index->menu[ D:\wamp64\www\9d_admin\application\admin\widget\Index.php ]
[ info ] [ RUN ] app\admin\widget\Index->menu[ D:\wamp64\www\9d_admin\application\admin\widget\Index.php ]
[ info ] [ RUN ] app\admin\widget\Index->menu[ D:\wamp64\www\9d_admin\application\admin\widget\Index.php ]
[ info ] [ RUN ] app\admin\widget\Index->menu[ D:\wamp64\www\9d_admin\application\admin\widget\Index.php ]
[ info ] [ RUN ] app\admin\widget\Index->menu[ D:\wamp64\www\9d_admin\application\admin\widget\Index.php ]
[ info ] [ RUN ] app\admin\widget\Index->menu[ D:\wamp64\www\9d_admin\application\admin\widget\Index.php ]
[ info ] [ RUN ] app\admin\widget\Index->menu[ D:\wamp64\www\9d_admin\application\admin\widget\Index.php ]
[ info ] [ RUN ] app\admin\widget\Index->menu[ D:\wamp64\www\9d_admin\application\admin\widget\Index.php ]
[ info ] [ RUN ] app\admin\widget\Index->menu[ D:\wamp64\www\9d_admin\application\admin\widget\Index.php ]
[ info ] [ RUN ] app\admin\widget\Index->menu[ D:\wamp64\www\9d_admin\application\admin\widget\Index.php ]
[ info ] [ RUN ] app\admin\widget\Index->menu[ D:\wamp64\www\9d_admin\application\admin\widget\Index.php ]
[ info ] [ RUN ] app\admin\widget\Index->menu[ D:\wamp64\www\9d_admin\application\admin\widget\Index.php ]
[ info ] [ RUN ] app\admin\widget\Index->menu[ D:\wamp64\www\9d_admin\application\admin\widget\Index.php ]
[ info ] [ RUN ] app\admin\widget\Index->menu[ D:\wamp64\www\9d_admin\application\admin\widget\Index.php ]
[ info ] [ RUN ] app\admin\widget\Index->menu[ D:\wamp64\www\9d_admin\application\admin\widget\Index.php ]
[ info ] [ BEHAVIOR ] Run \app\common\behavior\WebLog @app_end [ RunTime:0.002001s ]
[ info ] [ LOG ] INIT File
[ sql ] [ DB ] CONNECT:[ UseTime:0.010000s ] mysql:dbname=9d_admin;host=127.0.0.1;charset=utf8
[ sql ] [ SQL ] SHOW COLUMNS FROM `9d_admin_node` [ RunTime:0.001000s ]
[ sql ] [ SQL ] SELECT `id`,`pid`,`name`,`group_id`,`title`,`type` FROM `9d_admin_node` WHERE  (  status=1 AND group_id > 0 ) [ RunTime:0.000000s ]
[ sql ] [ SQL ] SHOW COLUMNS FROM `9d_admin_group` [ RunTime:0.001000s ]
[ sql ] [ SQL ] SELECT `id`,`name`,`icon` FROM `9d_admin_group` WHERE  `id` IN (1,2,5,3,4,8,9)  AND `status` = 1 ORDER BY sort asc,id asc [ RunTime:0.000000s ]
[ sql ] [ SQL ] SHOW COLUMNS FROM `9d_admin_user` [ RunTime:0.000000s ]
[ sql ] [ SQL ] SELECT * FROM `9d_admin_user` WHERE  `id` = 1 LIMIT 1 [ RunTime:0.000000s ]
[ sql ] [ SQL ] SHOW COLUMNS FROM `9d_web_log_all` [ RunTime:0.000000s ]
[ sql ] [ SQL ] INSERT INTO `9d_web_log_all` (`uid` , `ip` , `location` , `os` , `browser` , `url` , `module` , `controller` , `action` , `method` , `data` , `create_at`) VALUES (1 , '127.0.0.1' , '本机地址 本机地址  ' , 'Windows 7' , 'Chrome(60.0.3112.101)' , 'http://www.9d_admin.com/admin/index/index.html' , 'admin' , 'Index' , 'index' , 'GET' , 'a:0:{}' , 1503559297) [ RunTime:0.000000s ]

---------------------------------------------------------------
[ 2017-08-24T15:21:38+08:00 ] 127.0.0.1 127.0.0.1 GET /admin/index/welcome.html
[ log ] www.9d_admin.com/admin/index/welcome.html [运行时间：0.043003s][吞吐率：23.25req/s] [内存消耗：7,474.16kb] [文件加载：71]
[ info ] [ LANG ] D:\wamp64\www\9d_admin\thinkphp\lang\zh-cn.php
[ info ] [ ROUTE ] array (
  'type' => 'module',
  'module' => 
  array (
    0 => 'admin',
    1 => 'index',
    2 => 'welcome',
  ),
)
[ info ] [ HEADER ] array (
  'host' => 'www.9d_admin.com',
  'connection' => 'keep-alive',
  'upgrade-insecure-requests' => '1',
  'user-agent' => 'Mozilla/5.0 (Windows NT 6.1; Win64; x64) AppleWebKit/537.36 (KHTML, like Gecko) Chrome/60.0.3112.101 Safari/537.36',
  'accept' => 'text/html,application/xhtml+xml,application/xml;q=0.9,image/webp,image/apng,*/*;q=0.8',
  'dnt' => '1',
  'referer' => 'http://www.9d_admin.com/admin/index/index.html',
  'accept-encoding' => 'gzip, deflate',
  'accept-language' => 'zh-CN,zh;q=0.8,en-GB;q=0.6,en;q=0.4,zh-TW;q=0.2',
  'cookie' => 'thinkphp_show_page_trace=0|0; PHPSESSID=7gd82dnt44d5s99t231t871aa6; thinkphp_show_page_trace=0|0',
)
[ info ] [ PARAM ] array (
)
[ info ] [ SESSION ] INIT array (
  'id' => '',
  'var_session_id' => '',
  'prefix' => 'think',
  'type' => '',
  'auto_start' => true,
)
[ info ] [ BEHAVIOR ] Run \app\common\behavior\WebLog @module_init [ RunTime:0.004001s ]
[ info ] [ RUN ] app\admin\controller\Index->welcome[ D:\wamp64\www\9d_admin\application\admin\controller\Index.php ]
[ info ] [ DB ] INIT mysql
[ info ] [ VIEW ] D:\wamp64\www\9d_admin\public/../application/admin\view\index\welcome.html [ array (
  0 => 'last_login_ip',
  1 => 'last_login_loc',
  2 => 'current_login_ip',
  3 => 'current_login_loc',
  4 => 'info',
) ]
[ info ] [ BEHAVIOR ] Run \app\common\behavior\WebLog @app_end [ RunTime:0.002000s ]
[ info ] [ LOG ] INIT File
[ sql ] [ DB ] CONNECT:[ UseTime:0.001000s ] mysql:dbname=9d_admin;host=127.0.0.1;charset=utf8
[ sql ] [ SQL ] SHOW COLUMNS FROM `9d_admin_user` [ RunTime:0.001000s ]
[ sql ] [ SQL ] SELECT * FROM `9d_admin_user` WHERE  `id` = 1 LIMIT 1 [ RunTime:0.000000s ]
[ sql ] [ SQL ] SHOW COLUMNS FROM `9d_web_log_all` [ RunTime:0.001000s ]
[ sql ] [ SQL ] INSERT INTO `9d_web_log_all` (`uid` , `ip` , `location` , `os` , `browser` , `url` , `module` , `controller` , `action` , `method` , `data` , `create_at`) VALUES (1 , '127.0.0.1' , '本机地址 本机地址  ' , 'Windows 7' , 'Chrome(60.0.3112.101)' , 'http://www.9d_admin.com/admin/index/welcome.html' , 'admin' , 'Index' , 'welcome' , 'GET' , 'a:0:{}' , 1503559298) [ RunTime:0.000000s ]

---------------------------------------------------------------
